
> @ordo-todo/web@0.1.0 check-types
> tsc --noEmit

src/components/project/project-card.tsx(42,59): error TS2367: This comparison appears to be unintentional because the types 'TaskStatus' and '"DONE"' have no overlap.
src/components/workspace/workspace-activity-log.tsx(119,24): error TS2339: Property 'actorId' does not exist on type 'WorkspaceAuditLog'.
src/components/workspace/workspace-activity-log.tsx(122,49): error TS2339: Property 'actorId' does not exist on type 'WorkspaceAuditLog'.
src/components/workspace/workspace-activity-log.tsx(127,24): error TS2339: Property 'payload' does not exist on type 'WorkspaceAuditLog'.
src/components/workspace/workspace-activity-log.tsx(127,51): error TS2339: Property 'payload' does not exist on type 'WorkspaceAuditLog'.
src/components/workspace/workspace-activity-log.tsx(129,43): error TS2339: Property 'payload' does not exist on type 'WorkspaceAuditLog'.
src/components/workspace/workspace-configuration-settings.tsx(11,15): error TS2305: Module '"@ordo-todo/api-client"' has no exported member 'ViewType'.
src/components/workspace/workspace-dashboard.tsx(221,30): error TS7006: Parameter 'project' implicitly has an 'any' type.
src/components/workspace/workspace-members-settings.tsx(71,44): error TS7006: Parameter 'm' implicitly has an 'any' type.
src/components/workspace/workspace-members-settings.tsx(72,47): error TS7006: Parameter 'm' implicitly has an 'any' type.
src/components/workspace/workspace-members-settings.tsx(136,36): error TS2322: Type 'string | null | undefined' is not assignable to type 'string | Blob | undefined'.
  Type 'null' is not assignable to type 'string | Blob | undefined'.
src/components/workspace/workspace-selector.tsx(178,33): error TS2345: Argument of type 'string' is not assignable to parameter of type 'WorkspaceType'.
src/hooks/use-project-permissions.ts(102,36): error TS2339: Property 'ownerId' does not exist on type 'Project'.
src/hooks/use-project-permissions.ts(105,39): error TS7006: Parameter 'm' implicitly has an 'any' type.
src/hooks/use-workspace-permissions.ts(94,39): error TS7006: Parameter 'm' implicitly has an 'any' type.
src/hooks/use-workspace-permissions.ts(161,26): error TS7006: Parameter 'm' implicitly has an 'any' type.
npm error Lifecycle script `check-types` failed with error:
npm error code 2
npm error path C:\Users\Usuario\source\repos\ordo-todo\apps\web
npm error workspace @ordo-todo/web@0.1.0
npm error location C:\Users\Usuario\source\repos\ordo-todo\apps\web
npm error command failed
npm error command C:\WINDOWS\system32\cmd.exe /d /s /c tsc --noEmit
