src/activities/activities.service.ts(3,30): error TS2307: Cannot find module '@prisma/client' or its corresponding type declarations.
src/ai/ai.controller.spec.ts(1,37): error TS2307: Cannot find module '@nestjs/testing' or its corresponding type declarations.
src/ai/ai.controller.spec.ts(6,1): error TS2582: Cannot find name 'describe'. Do you need to install type definitions for a test runner? Try `npm i --save-dev @types/jest` or `npm i --save-dev @types/mocha`.
src/ai/ai.controller.spec.ts(8,18): error TS2503: Cannot find namespace 'jest'.
src/ai/ai.controller.spec.ts(12,3): error TS2304: Cannot find name 'beforeEach'.
src/ai/ai.controller.spec.ts(14,13): error TS2304: Cannot find name 'jest'.
src/ai/ai.controller.spec.ts(15,33): error TS2304: Cannot find name 'jest'.
src/ai/ai.controller.spec.ts(16,31): error TS2304: Cannot find name 'jest'.
src/ai/ai.controller.spec.ts(17,24): error TS2304: Cannot find name 'jest'.
src/ai/ai.controller.spec.ts(18,22): error TS2304: Cannot find name 'jest'.
src/ai/ai.controller.spec.ts(19,19): error TS2304: Cannot find name 'jest'.
src/ai/ai.controller.spec.ts(20,27): error TS2304: Cannot find name 'jest'.
src/ai/ai.controller.spec.ts(21,28): error TS2304: Cannot find name 'jest'.
src/ai/ai.controller.spec.ts(22,29): error TS2304: Cannot find name 'jest'.
src/ai/ai.controller.spec.ts(23,30): error TS2304: Cannot find name 'jest'.
src/ai/ai.controller.spec.ts(24,30): error TS2304: Cannot find name 'jest'.
src/ai/ai.controller.spec.ts(25,19): error TS2304: Cannot find name 'jest'.
src/ai/ai.controller.spec.ts(26,18): error TS2304: Cannot find name 'jest'.
src/ai/ai.controller.spec.ts(27,21): error TS2304: Cannot find name 'jest'.
src/ai/ai.controller.spec.ts(28,22): error TS2304: Cannot find name 'jest'.
src/ai/ai.controller.spec.ts(32,28): error TS2304: Cannot find name 'jest'.
src/ai/ai.controller.spec.ts(33,27): error TS2304: Cannot find name 'jest'.
src/ai/ai.controller.spec.ts(34,31): error TS2304: Cannot find name 'jest'.
src/ai/ai.controller.spec.ts(35,29): error TS2304: Cannot find name 'jest'.
src/ai/ai.controller.spec.ts(36,39): error TS2304: Cannot find name 'jest'.
src/ai/ai.controller.spec.ts(54,53): error TS2503: Cannot find namespace 'jest'.
src/ai/ai.controller.spec.ts(57,3): error TS2582: Cannot find name 'it'. Do you need to install type definitions for a test runner? Try `npm i --save-dev @types/jest` or `npm i --save-dev @types/mocha`.
src/ai/ai.controller.spec.ts(58,5): error TS2304: Cannot find name 'expect'.
src/ai/ai.controller.spec.ts(61,3): error TS2582: Cannot find name 'describe'. Do you need to install type definitions for a test runner? Try `npm i --save-dev @types/jest` or `npm i --save-dev @types/mocha`.
src/ai/ai.controller.spec.ts(62,5): error TS2582: Cannot find name 'it'. Do you need to install type definitions for a test runner? Try `npm i --save-dev @types/jest` or `npm i --save-dev @types/mocha`.
src/ai/ai.controller.spec.ts(72,53): error TS2345: Argument of type '{ id: string; email: string; name: string; }' is not assignable to parameter of type 'RequestUser'.
  Property 'username' is missing in type '{ id: string; email: string; name: string; }' but required in type 'RequestUser'.
src/ai/ai.controller.spec.ts(74,7): error TS2304: Cannot find name 'expect'.
src/ai/ai.controller.spec.ts(80,7): error TS2304: Cannot find name 'expect'.
src/ai/ai.controller.spec.ts(84,3): error TS2582: Cannot find name 'describe'. Do you need to install type definitions for a test runner? Try `npm i --save-dev @types/jest` or `npm i --save-dev @types/mocha`.
src/ai/ai.controller.spec.ts(85,5): error TS2582: Cannot find name 'it'. Do you need to install type definitions for a test runner? Try `npm i --save-dev @types/jest` or `npm i --save-dev @types/mocha`.
src/ai/ai.controller.spec.ts(96,59): error TS2554: Expected 1 arguments, but got 2.
src/ai/ai.controller.spec.ts(98,7): error TS2304: Cannot find name 'expect'.
src/ai/ai.controller.spec.ts(103,7): error TS2304: Cannot find name 'expect'.
src/ai/ai.controller.spec.ts(107,3): error TS2582: Cannot find name 'describe'. Do you need to install type definitions for a test runner? Try `npm i --save-dev @types/jest` or `npm i --save-dev @types/mocha`.
src/ai/ai.controller.spec.ts(108,5): error TS2582: Cannot find name 'it'. Do you need to install type definitions for a test runner? Try `npm i --save-dev @types/jest` or `npm i --save-dev @types/mocha`.
src/ai/ai.controller.spec.ts(115,9): error TS2345: Argument of type '{ id: string; email: string; name: string; }' is not assignable to parameter of type 'RequestUser'.
  Property 'username' is missing in type '{ id: string; email: string; name: string; }' but required in type 'RequestUser'.
src/ai/ai.controller.spec.ts(120,7): error TS2304: Cannot find name 'expect'.
src/ai/ai.controller.spec.ts(122,9): error TS2304: Cannot find name 'expect'.
src/ai/ai.controller.spec.ts(123,9): error TS2304: Cannot find name 'expect'.
src/ai/ai.controller.spec.ts(125,7): error TS2304: Cannot find name 'expect'.
src/ai/ai.controller.spec.ts(128,5): error TS2582: Cannot find name 'it'. Do you need to install type definitions for a test runner? Try `npm i --save-dev @types/jest` or `npm i --save-dev @types/mocha`.
src/ai/ai.controller.spec.ts(132,52): error TS2345: Argument of type '{ id: string; email: string; name: string; }' is not assignable to parameter of type 'RequestUser'.
  Property 'username' is missing in type '{ id: string; email: string; name: string; }' but required in type 'RequestUser'.
src/ai/ai.controller.spec.ts(134,7): error TS2304: Cannot find name 'expect'.
src/ai/ai.controller.spec.ts(139,7): error TS2304: Cannot find name 'expect'.
src/ai/ai.controller.spec.ts(143,3): error TS2582: Cannot find name 'describe'. Do you need to install type definitions for a test runner? Try `npm i --save-dev @types/jest` or `npm i --save-dev @types/mocha`.
src/ai/ai.controller.spec.ts(144,5): error TS2582: Cannot find name 'it'. Do you need to install type definitions for a test runner? Try `npm i --save-dev @types/jest` or `npm i --save-dev @types/mocha`.
src/ai/ai.controller.spec.ts(157,60): error TS2554: Expected 1 arguments, but got 2.
src/ai/ai.controller.spec.ts(159,7): error TS2304: Cannot find name 'expect'.
src/ai/ai.controller.spec.ts(164,7): error TS2304: Cannot find name 'expect'.
src/ai/ai.controller.spec.ts(168,3): error TS2582: Cannot find name 'describe'. Do you need to install type definitions for a test runner? Try `npm i --save-dev @types/jest` or `npm i --save-dev @types/mocha`.
src/ai/ai.controller.spec.ts(169,5): error TS2582: Cannot find name 'it'. Do you need to install type definitions for a test runner? Try `npm i --save-dev @types/jest` or `npm i --save-dev @types/mocha`.
src/ai/ai.controller.spec.ts(183,58): error TS2345: Argument of type '{ id: string; email: string; name: string; }' is not assignable to parameter of type 'RequestUser'.
  Property 'username' is missing in type '{ id: string; email: string; name: string; }' but required in type 'RequestUser'.
src/ai/ai.controller.spec.ts(185,7): error TS2304: Cannot find name 'expect'.
src/ai/ai.controller.spec.ts(191,7): error TS2304: Cannot find name 'expect'.
src/ai/ai.controller.spec.ts(195,3): error TS2582: Cannot find name 'describe'. Do you need to install type definitions for a test runner? Try `npm i --save-dev @types/jest` or `npm i --save-dev @types/mocha`.
src/ai/ai.controller.spec.ts(196,5): error TS2582: Cannot find name 'it'. Do you need to install type definitions for a test runner? Try `npm i --save-dev @types/jest` or `npm i --save-dev @types/mocha`.
src/ai/ai.controller.spec.ts(203,50): error TS2345: Argument of type '{ id: string; email: string; name: string; }' is not assignable to parameter of type 'RequestUser'.
  Property 'username' is missing in type '{ id: string; email: string; name: string; }' but required in type 'RequestUser'.
src/ai/ai.controller.spec.ts(205,7): error TS2304: Cannot find name 'expect'.
src/ai/ai.controller.spec.ts(206,7): error TS2304: Cannot find name 'expect'.
src/ai/ai.controller.spec.ts(210,3): error TS2582: Cannot find name 'describe'. Do you need to install type definitions for a test runner? Try `npm i --save-dev @types/jest` or `npm i --save-dev @types/mocha`.
src/ai/ai.controller.spec.ts(211,5): error TS2582: Cannot find name 'it'. Do you need to install type definitions for a test runner? Try `npm i --save-dev @types/jest` or `npm i --save-dev @types/mocha`.
src/ai/ai.controller.spec.ts(221,7): error TS2304: Cannot find name 'expect'.
src/ai/ai.controller.spec.ts(222,7): error TS2304: Cannot find name 'expect'.
src/ai/ai.module.ts(2,30): error TS2307: Cannot find module '@nestjs/config' or its corresponding type declarations.
src/ai/ai.service.ts(8,8): error TS2307: Cannot find module '@ordo-todo/core' or its corresponding type declarations.
src/ai/ai.service.ts(13,8): error TS2307: Cannot find module '@ordo-todo/core' or its corresponding type declarations.
src/ai/dto/ai-chat.dto.ts(7,8): error TS2307: Cannot find module 'class-validator' or its corresponding type declarations.
src/ai/dto/ai-chat.dto.ts(8,22): error TS2307: Cannot find module 'class-transformer' or its corresponding type declarations.
src/ai/gemini-ai.service.spec.ts(1,37): error TS2307: Cannot find module '@nestjs/testing' or its corresponding type declarations.
src/ai/gemini-ai.service.spec.ts(3,31): error TS2307: Cannot find module '@nestjs/config' or its corresponding type declarations.
src/ai/gemini-ai.service.spec.ts(5,1): error TS2582: Cannot find name 'describe'. Do you need to install type definitions for a test runner? Try `npm i --save-dev @types/jest` or `npm i --save-dev @types/mocha`.
src/ai/gemini-ai.service.spec.ts(9,3): error TS2304: Cannot find name 'beforeEach'.
src/ai/gemini-ai.service.spec.ts(16,18): error TS2304: Cannot find name 'jest'.
src/ai/gemini-ai.service.spec.ts(29,3): error TS2582: Cannot find name 'it'. Do you need to install type definitions for a test runner? Try `npm i --save-dev @types/jest` or `npm i --save-dev @types/mocha`.
src/ai/gemini-ai.service.spec.ts(30,5): error TS2304: Cannot find name 'expect'.
src/ai/gemini-ai.service.spec.ts(33,3): error TS2582: Cannot find name 'describe'. Do you need to install type definitions for a test runner? Try `npm i --save-dev @types/jest` or `npm i --save-dev @types/mocha`.
src/ai/gemini-ai.service.spec.ts(34,5): error TS2582: Cannot find name 'it'. Do you need to install type definitions for a test runner? Try `npm i --save-dev @types/jest` or `npm i --save-dev @types/mocha`.
src/ai/gemini-ai.service.spec.ts(35,7): error TS2304: Cannot find name 'expect'.
src/ai/gemini-ai.service.spec.ts(39,3): error TS2582: Cannot find name 'describe'. Do you need to install type definitions for a test runner? Try `npm i --save-dev @types/jest` or `npm i --save-dev @types/mocha`.
src/ai/gemini-ai.service.spec.ts(40,5): error TS2582: Cannot find name 'it'. Do you need to install type definitions for a test runner? Try `npm i --save-dev @types/jest` or `npm i --save-dev @types/mocha`.
src/ai/gemini-ai.service.spec.ts(42,7): error TS2304: Cannot find name 'expect'.
src/ai/gemini-ai.service.spec.ts(45,31): error TS2304: Cannot find name 'expect'.
src/ai/gemini-ai.service.spec.ts(50,3): error TS2582: Cannot find name 'describe'. Do you need to install type definitions for a test runner? Try `npm i --save-dev @types/jest` or `npm i --save-dev @types/mocha`.
src/ai/gemini-ai.service.spec.ts(51,5): error TS2582: Cannot find name 'it'. Do you need to install type definitions for a test runner? Try `npm i --save-dev @types/jest` or `npm i --save-dev @types/mocha`.
src/ai/gemini-ai.service.spec.ts(53,7): error TS2304: Cannot find name 'expect'.
src/ai/gemini-ai.service.spec.ts(61,3): error TS2582: Cannot find name 'describe'. Do you need to install type definitions for a test runner? Try `npm i --save-dev @types/jest` or `npm i --save-dev @types/mocha`.
src/ai/gemini-ai.service.spec.ts(62,5): error TS2582: Cannot find name 'it'. Do you need to install type definitions for a test runner? Try `npm i --save-dev @types/jest` or `npm i --save-dev @types/mocha`.
src/ai/gemini-ai.service.spec.ts(66,7): error TS2304: Cannot find name 'expect'.
src/ai/gemini-ai.service.spec.ts(67,7): error TS2304: Cannot find name 'expect'.
src/ai/gemini-ai.service.spec.ts(68,7): error TS2304: Cannot find name 'expect'.
src/ai/gemini-ai.service.spec.ts(69,7): error TS2304: Cannot find name 'expect'.
src/ai/gemini-ai.service.spec.ts(72,5): error TS2582: Cannot find name 'it'. Do you need to install type definitions for a test runner? Try `npm i --save-dev @types/jest` or `npm i --save-dev @types/mocha`.
src/ai/gemini-ai.service.spec.ts(76,7): error TS2304: Cannot find name 'expect'.
src/ai/gemini-ai.service.spec.ts(79,5): error TS2582: Cannot find name 'it'. Do you need to install type definitions for a test runner? Try `npm i --save-dev @types/jest` or `npm i --save-dev @types/mocha`.
src/ai/gemini-ai.service.spec.ts(83,7): error TS2304: Cannot find name 'expect'.
src/ai/gemini-ai.service.spec.ts(86,5): error TS2582: Cannot find name 'it'. Do you need to install type definitions for a test runner? Try `npm i --save-dev @types/jest` or `npm i --save-dev @types/mocha`.
src/ai/gemini-ai.service.spec.ts(90,7): error TS2304: Cannot find name 'expect'.
src/ai/gemini-ai.service.spec.ts(93,5): error TS2582: Cannot find name 'it'. Do you need to install type definitions for a test runner? Try `npm i --save-dev @types/jest` or `npm i --save-dev @types/mocha`.
src/ai/gemini-ai.service.spec.ts(97,7): error TS2304: Cannot find name 'expect'.
src/ai/gemini-ai.service.spec.ts(101,3): error TS2582: Cannot find name 'describe'. Do you need to install type definitions for a test runner? Try `npm i --save-dev @types/jest` or `npm i --save-dev @types/mocha`.
src/ai/gemini-ai.service.spec.ts(102,5): error TS2582: Cannot find name 'it'. Do you need to install type definitions for a test runner? Try `npm i --save-dev @types/jest` or `npm i --save-dev @types/mocha`.
src/ai/gemini-ai.service.spec.ts(104,7): error TS2304: Cannot find name 'expect'.
src/ai/gemini-ai.service.spec.ts(105,7): error TS2304: Cannot find name 'expect'.
src/ai/gemini-ai.service.spec.ts(106,7): error TS2304: Cannot find name 'expect'.
src/ai/gemini-ai.service.spec.ts(107,7): error TS2304: Cannot find name 'expect'.
src/ai/gemini-ai.service.spec.ts(108,7): error TS2304: Cannot find name 'expect'.
src/ai/gemini-ai.service.spec.ts(111,5): error TS2582: Cannot find name 'it'. Do you need to install type definitions for a test runner? Try `npm i --save-dev @types/jest` or `npm i --save-dev @types/mocha`.
src/ai/gemini-ai.service.spec.ts(113,7): error TS2304: Cannot find name 'expect'.
src/ai/gemini-ai.service.spec.ts(117,3): error TS2582: Cannot find name 'describe'. Do you need to install type definitions for a test runner? Try `npm i --save-dev @types/jest` or `npm i --save-dev @types/mocha`.
src/ai/gemini-ai.service.spec.ts(118,5): error TS2582: Cannot find name 'it'. Do you need to install type definitions for a test runner? Try `npm i --save-dev @types/jest` or `npm i --save-dev @types/mocha`.
src/ai/gemini-ai.service.spec.ts(120,7): error TS2304: Cannot find name 'expect'.
src/ai/gemini-ai.service.spec.ts(121,7): error TS2304: Cannot find name 'expect'.
src/ai/gemini-ai.service.spec.ts(122,7): error TS2304: Cannot find name 'expect'.
src/ai/gemini-ai.service.spec.ts(123,7): error TS2304: Cannot find name 'expect'.
src/ai/gemini-ai.service.spec.ts(127,3): error TS2582: Cannot find name 'describe'. Do you need to install type definitions for a test runner? Try `npm i --save-dev @types/jest` or `npm i --save-dev @types/mocha`.
src/ai/gemini-ai.service.spec.ts(128,5): error TS2582: Cannot find name 'it'. Do you need to install type definitions for a test runner? Try `npm i --save-dev @types/jest` or `npm i --save-dev @types/mocha`.
src/ai/gemini-ai.service.spec.ts(135,7): error TS2304: Cannot find name 'expect'.
src/ai/gemini-ai.service.spec.ts(136,7): error TS2304: Cannot find name 'expect'.
src/ai/gemini-ai.service.spec.ts(137,7): error TS2304: Cannot find name 'expect'.
src/ai/gemini-ai.service.spec.ts(138,7): error TS2304: Cannot find name 'expect'.
src/ai/gemini-ai.service.spec.ts(139,7): error TS2304: Cannot find name 'expect'.
src/ai/gemini-ai.service.spec.ts(145,3): error TS2582: Cannot find name 'describe'. Do you need to install type definitions for a test runner? Try `npm i --save-dev @types/jest` or `npm i --save-dev @types/mocha`.
src/ai/gemini-ai.service.spec.ts(146,5): error TS2582: Cannot find name 'it'. Do you need to install type definitions for a test runner? Try `npm i --save-dev @types/jest` or `npm i --save-dev @types/mocha`.
src/ai/gemini-ai.service.spec.ts(152,7): error TS2304: Cannot find name 'expect'.
src/ai/gemini-ai.service.ts(2,29): error TS2307: Cannot find module '@google/genai' or its corresponding type declarations.
src/ai/gemini-ai.service.ts(3,31): error TS2307: Cannot find module '@nestjs/config' or its corresponding type declarations.
src/analytics/analytics.controller.spec.ts(1,37): error TS2307: Cannot find module '@nestjs/testing' or its corresponding type declarations.
src/analytics/analytics.controller.spec.ts(5,1): error TS2582: Cannot find name 'describe'. Do you need to install type definitions for a test runner? Try `npm i --save-dev @types/jest` or `npm i --save-dev @types/mocha`.
src/analytics/analytics.controller.spec.ts(7,25): error TS2503: Cannot find namespace 'jest'.
src/analytics/analytics.controller.spec.ts(11,3): error TS2304: Cannot find name 'beforeEach'.
src/analytics/analytics.controller.spec.ts(13,24): error TS2304: Cannot find name 'jest'.
src/analytics/analytics.controller.spec.ts(14,25): error TS2304: Cannot find name 'jest'.
src/analytics/analytics.controller.spec.ts(15,26): error TS2304: Cannot find name 'jest'.
src/analytics/analytics.controller.spec.ts(16,28): error TS2304: Cannot find name 'jest'.
src/analytics/analytics.controller.spec.ts(17,26): error TS2304: Cannot find name 'jest'.
src/analytics/analytics.controller.spec.ts(18,23): error TS2304: Cannot find name 'jest'.
src/analytics/analytics.controller.spec.ts(19,35): error TS2304: Cannot find name 'jest'.
src/analytics/analytics.controller.spec.ts(20,34): error TS2304: Cannot find name 'jest'.
src/analytics/analytics.controller.spec.ts(21,30): error TS2304: Cannot find name 'jest'.
src/analytics/analytics.controller.spec.ts(22,23): error TS2304: Cannot find name 'jest'.
src/analytics/analytics.controller.spec.ts(35,10): error TS2503: Cannot find namespace 'jest'.
src/analytics/analytics.controller.spec.ts(38,3): error TS2582: Cannot find name 'it'. Do you need to install type definitions for a test runner? Try `npm i --save-dev @types/jest` or `npm i --save-dev @types/mocha`.
src/analytics/analytics.controller.spec.ts(39,5): error TS2304: Cannot find name 'expect'.
src/analytics/analytics.controller.spec.ts(42,3): error TS2582: Cannot find name 'describe'. Do you need to install type definitions for a test runner? Try `npm i --save-dev @types/jest` or `npm i --save-dev @types/mocha`.
src/analytics/analytics.controller.spec.ts(43,5): error TS2582: Cannot find name 'it'. Do you need to install type definitions for a test runner? Try `npm i --save-dev @types/jest` or `npm i --save-dev @types/mocha`.
src/analytics/analytics.controller.spec.ts(48,9): error TS2345: Argument of type '{ id: string; email: string; name: string; }' is not assignable to parameter of type 'RequestUser'.
  Property 'username' is missing in type '{ id: string; email: string; name: string; }' but required in type 'RequestUser'.
src/analytics/analytics.controller.spec.ts(54,7): error TS2304: Cannot find name 'expect'.
src/analytics/analytics.controller.spec.ts(56,9): error TS2304: Cannot find name 'expect'.
src/analytics/analytics.controller.spec.ts(58,7): error TS2304: Cannot find name 'expect'.
src/analytics/analytics.controller.spec.ts(61,5): error TS2582: Cannot find name 'it'. Do you need to install type definitions for a test runner? Try `npm i --save-dev @types/jest` or `npm i --save-dev @types/mocha`.
src/analytics/analytics.controller.spec.ts(71,9): error TS2345: Argument of type '{ id: string; email: string; name: string; }' is not assignable to parameter of type 'RequestUser'.
  Property 'username' is missing in type '{ id: string; email: string; name: string; }' but required in type 'RequestUser'.
src/analytics/analytics.controller.spec.ts(77,7): error TS2304: Cannot find name 'expect'.
src/analytics/analytics.controller.spec.ts(79,9): error TS2304: Cannot find name 'expect'.
src/analytics/analytics.controller.spec.ts(80,9): error TS2304: Cannot find name 'expect'.
src/analytics/analytics.controller.spec.ts(82,7): error TS2304: Cannot find name 'expect'.
src/analytics/analytics.controller.spec.ts(86,3): error TS2582: Cannot find name 'describe'. Do you need to install type definitions for a test runner? Try `npm i --save-dev @types/jest` or `npm i --save-dev @types/mocha`.
src/analytics/analytics.controller.spec.ts(87,5): error TS2582: Cannot find name 'it'. Do you need to install type definitions for a test runner? Try `npm i --save-dev @types/jest` or `npm i --save-dev @types/mocha`.
src/analytics/analytics.controller.spec.ts(96,56): error TS2345: Argument of type '{ id: string; email: string; name: string; }' is not assignable to parameter of type 'RequestUser'.
  Property 'username' is missing in type '{ id: string; email: string; name: string; }' but required in type 'RequestUser'.
src/analytics/analytics.controller.spec.ts(98,7): error TS2304: Cannot find name 'expect'.
src/analytics/analytics.controller.spec.ts(100,9): error TS2304: Cannot find name 'expect'.
src/analytics/analytics.controller.spec.ts(102,7): error TS2304: Cannot find name 'expect'.
src/analytics/analytics.controller.spec.ts(106,3): error TS2582: Cannot find name 'describe'. Do you need to install type definitions for a test runner? Try `npm i --save-dev @types/jest` or `npm i --save-dev @types/mocha`.
src/analytics/analytics.controller.spec.ts(107,5): error TS2582: Cannot find name 'it'. Do you need to install type definitions for a test runner? Try `npm i --save-dev @types/jest` or `npm i --save-dev @types/mocha`.
src/analytics/analytics.controller.spec.ts(116,57): error TS2345: Argument of type '{ id: string; email: string; name: string; }' is not assignable to parameter of type 'RequestUser'.
  Property 'username' is missing in type '{ id: string; email: string; name: string; }' but required in type 'RequestUser'.
src/analytics/analytics.controller.spec.ts(118,7): error TS2304: Cannot find name 'expect'.
src/analytics/analytics.controller.spec.ts(120,9): error TS2304: Cannot find name 'expect'.
src/analytics/analytics.controller.spec.ts(122,7): error TS2304: Cannot find name 'expect'.
src/analytics/analytics.controller.spec.ts(126,3): error TS2582: Cannot find name 'describe'. Do you need to install type definitions for a test runner? Try `npm i --save-dev @types/jest` or `npm i --save-dev @types/mocha`.
src/analytics/analytics.controller.spec.ts(127,5): error TS2582: Cannot find name 'it'. Do you need to install type definitions for a test runner? Try `npm i --save-dev @types/jest` or `npm i --save-dev @types/mocha`.
src/analytics/analytics.controller.spec.ts(137,9): error TS2345: Argument of type '{ id: string; email: string; name: string; }' is not assignable to parameter of type 'RequestUser'.
  Property 'username' is missing in type '{ id: string; email: string; name: string; }' but required in type 'RequestUser'.
src/analytics/analytics.controller.spec.ts(142,7): error TS2304: Cannot find name 'expect'.
src/analytics/analytics.controller.spec.ts(144,9): error TS2304: Cannot find name 'expect'.
src/analytics/analytics.controller.spec.ts(145,9): error TS2304: Cannot find name 'expect'.
src/analytics/analytics.controller.spec.ts(147,7): error TS2304: Cannot find name 'expect'.
src/analytics/analytics.controller.spec.ts(151,3): error TS2582: Cannot find name 'describe'. Do you need to install type definitions for a test runner? Try `npm i --save-dev @types/jest` or `npm i --save-dev @types/mocha`.
src/analytics/analytics.controller.spec.ts(152,5): error TS2582: Cannot find name 'it'. Do you need to install type definitions for a test runner? Try `npm i --save-dev @types/jest` or `npm i --save-dev @types/mocha`.
src/analytics/analytics.controller.spec.ts(160,57): error TS2345: Argument of type '{ id: string; email: string; name: string; }' is not assignable to parameter of type 'RequestUser'.
  Property 'username' is missing in type '{ id: string; email: string; name: string; }' but required in type 'RequestUser'.
src/analytics/analytics.controller.spec.ts(162,7): error TS2304: Cannot find name 'expect'.
src/analytics/analytics.controller.spec.ts(165,7): error TS2304: Cannot find name 'expect'.
src/analytics/analytics.controller.spec.ts(169,3): error TS2582: Cannot find name 'describe'. Do you need to install type definitions for a test runner? Try `npm i --save-dev @types/jest` or `npm i --save-dev @types/mocha`.
src/analytics/analytics.controller.spec.ts(170,5): error TS2582: Cannot find name 'it'. Do you need to install type definitions for a test runner? Try `npm i --save-dev @types/jest` or `npm i --save-dev @types/mocha`.
src/analytics/analytics.controller.spec.ts(177,50): error TS2345: Argument of type '{ id: string; email: string; name: string; }' is not assignable to parameter of type 'RequestUser'.
  Property 'username' is missing in type '{ id: string; email: string; name: string; }' but required in type 'RequestUser'.
src/analytics/analytics.controller.spec.ts(179,7): error TS2304: Cannot find name 'expect'.
src/analytics/analytics.controller.spec.ts(180,7): error TS2304: Cannot find name 'expect'.
src/analytics/analytics.controller.spec.ts(184,3): error TS2582: Cannot find name 'describe'. Do you need to install type definitions for a test runner? Try `npm i --save-dev @types/jest` or `npm i --save-dev @types/mocha`.
src/analytics/analytics.controller.spec.ts(185,5): error TS2582: Cannot find name 'it'. Do you need to install type definitions for a test runner? Try `npm i --save-dev @types/jest` or `npm i --save-dev @types/mocha`.
src/analytics/analytics.controller.spec.ts(194,62): error TS2345: Argument of type '{ id: string; email: string; name: string; }' is not assignable to parameter of type 'RequestUser'.
  Property 'username' is missing in type '{ id: string; email: string; name: string; }' but required in type 'RequestUser'.
src/analytics/analytics.controller.spec.ts(196,7): error TS2304: Cannot find name 'expect'.
src/analytics/analytics.controller.spec.ts(199,7): error TS2304: Cannot find name 'expect'.
src/analytics/analytics.controller.spec.ts(203,3): error TS2582: Cannot find name 'describe'. Do you need to install type definitions for a test runner? Try `npm i --save-dev @types/jest` or `npm i --save-dev @types/mocha`.
src/analytics/analytics.controller.spec.ts(204,5): error TS2582: Cannot find name 'it'. Do you need to install type definitions for a test runner? Try `npm i --save-dev @types/jest` or `npm i --save-dev @types/mocha`.
src/analytics/analytics.controller.spec.ts(214,65): error TS2345: Argument of type '{ id: string; email: string; name: string; }' is not assignable to parameter of type 'RequestUser'.
  Property 'username' is missing in type '{ id: string; email: string; name: string; }' but required in type 'RequestUser'.
src/analytics/analytics.controller.spec.ts(216,7): error TS2304: Cannot find name 'expect'.
src/analytics/analytics.controller.spec.ts(219,7): error TS2304: Cannot find name 'expect'.
src/analytics/analytics.controller.spec.ts(223,3): error TS2582: Cannot find name 'describe'. Do you need to install type definitions for a test runner? Try `npm i --save-dev @types/jest` or `npm i --save-dev @types/mocha`.
src/analytics/analytics.controller.spec.ts(224,5): error TS2582: Cannot find name 'it'. Do you need to install type definitions for a test runner? Try `npm i --save-dev @types/jest` or `npm i --save-dev @types/mocha`.
src/analytics/analytics.controller.spec.ts(232,61): error TS2345: Argument of type '{ id: string; email: string; name: string; }' is not assignable to parameter of type 'RequestUser'.
  Property 'username' is missing in type '{ id: string; email: string; name: string; }' but required in type 'RequestUser'.
src/analytics/analytics.controller.spec.ts(234,7): error TS2304: Cannot find name 'expect'.
src/analytics/analytics.controller.spec.ts(237,7): error TS2304: Cannot find name 'expect'.
src/analytics/analytics.controller.spec.ts(241,3): error TS2582: Cannot find name 'describe'. Do you need to install type definitions for a test runner? Try `npm i --save-dev @types/jest` or `npm i --save-dev @types/mocha`.
src/analytics/analytics.controller.spec.ts(242,5): error TS2582: Cannot find name 'it'. Do you need to install type definitions for a test runner? Try `npm i --save-dev @types/jest` or `npm i --save-dev @types/mocha`.
src/analytics/analytics.controller.spec.ts(256,7): error TS2304: Cannot find name 'expect'.
src/analytics/analytics.controller.spec.ts(258,9): error TS2304: Cannot find name 'expect'.
src/analytics/analytics.controller.spec.ts(259,9): error TS2304: Cannot find name 'expect'.
src/analytics/analytics.controller.spec.ts(261,7): error TS2304: Cannot find name 'expect'.
src/analytics/analytics.service.ts(2,59): error TS2307: Cannot find module '@ordo-todo/core' or its corresponding type declarations.
src/analytics/analytics.service.ts(3,40): error TS2307: Cannot find module '@ordo-todo/core' or its corresponding type declarations.
src/app.controller.spec.ts(1,37): error TS2307: Cannot find module '@nestjs/testing' or its corresponding type declarations.
src/app.controller.spec.ts(6,1): error TS2582: Cannot find name 'describe'. Do you need to install type definitions for a test runner? Try `npm i --save-dev @types/jest` or `npm i --save-dev @types/mocha`.
src/app.controller.spec.ts(9,3): error TS2304: Cannot find name 'beforeEach'.
src/app.controller.spec.ts(24,3): error TS2582: Cannot find name 'describe'. Do you need to install type definitions for a test runner? Try `npm i --save-dev @types/jest` or `npm i --save-dev @types/mocha`.
src/app.controller.spec.ts(25,5): error TS2582: Cannot find name 'it'. Do you need to install type definitions for a test runner? Try `npm i --save-dev @types/jest` or `npm i --save-dev @types/mocha`.
src/app.controller.spec.ts(26,7): error TS2304: Cannot find name 'expect'.
src/app.module.ts(2,27): error TS2307: Cannot find module '@nestjs/core' or its corresponding type declarations.
src/app.module.ts(3,49): error TS2307: Cannot find module '@nestjs/throttler' or its corresponding type declarations.
src/app.module.ts(33,31): error TS2307: Cannot find module 'nest-winston' or its corresponding type declarations.
src/app.module.ts(37,32): error TS2307: Cannot find module '@nestjs/schedule' or its corresponding type declarations.
src/attachments/attachments.controller.spec.ts(1,37): error TS2307: Cannot find module '@nestjs/testing' or its corresponding type declarations.
src/attachments/attachments.controller.spec.ts(5,1): error TS2582: Cannot find name 'describe'. Do you need to install type definitions for a test runner? Try `npm i --save-dev @types/jest` or `npm i --save-dev @types/mocha`.
src/attachments/attachments.controller.spec.ts(7,27): error TS2503: Cannot find namespace 'jest'.
src/attachments/attachments.controller.spec.ts(11,3): error TS2304: Cannot find name 'beforeEach'.
src/attachments/attachments.controller.spec.ts(13,15): error TS2304: Cannot find name 'jest'.
src/attachments/attachments.controller.spec.ts(14,19): error TS2304: Cannot find name 'jest'.
src/attachments/attachments.controller.spec.ts(15,17): error TS2304: Cannot find name 'jest'.
src/attachments/attachments.controller.spec.ts(16,15): error TS2304: Cannot find name 'jest'.
src/attachments/attachments.controller.spec.ts(17,23): error TS2304: Cannot find name 'jest'.
src/attachments/attachments.controller.spec.ts(30,10): error TS2503: Cannot find namespace 'jest'.
src/attachments/attachments.controller.spec.ts(33,3): error TS2582: Cannot find name 'it'. Do you need to install type definitions for a test runner? Try `npm i --save-dev @types/jest` or `npm i --save-dev @types/mocha`.
src/attachments/attachments.controller.spec.ts(34,5): error TS2304: Cannot find name 'expect'.
src/attachments/attachments.controller.spec.ts(37,3): error TS2582: Cannot find name 'describe'. Do you need to install type definitions for a test runner? Try `npm i --save-dev @types/jest` or `npm i --save-dev @types/mocha`.
src/attachments/attachments.controller.spec.ts(38,5): error TS2582: Cannot find name 'it'. Do you need to install type definitions for a test runner? Try `npm i --save-dev @types/jest` or `npm i --save-dev @types/mocha`.
src/attachments/attachments.controller.spec.ts(44,12): error TS2503: Cannot find namespace 'Express'.
src/attachments/attachments.controller.spec.ts(55,39): error TS2339: Property 'upload' does not exist on type 'AttachmentsController'.
src/attachments/attachments.controller.spec.ts(57,7): error TS2304: Cannot find name 'expect'.
src/attachments/attachments.controller.spec.ts(62,7): error TS2304: Cannot find name 'expect'.
src/attachments/attachments.controller.spec.ts(66,3): error TS2582: Cannot find name 'describe'. Do you need to install type definitions for a test runner? Try `npm i --save-dev @types/jest` or `npm i --save-dev @types/mocha`.
src/attachments/attachments.controller.spec.ts(67,5): error TS2582: Cannot find name 'it'. Do you need to install type definitions for a test runner? Try `npm i --save-dev @types/jest` or `npm i --save-dev @types/mocha`.
src/attachments/attachments.controller.spec.ts(74,39): error TS2339: Property 'findByTask' does not exist on type 'AttachmentsController'.
src/attachments/attachments.controller.spec.ts(76,7): error TS2304: Cannot find name 'expect'.
src/attachments/attachments.controller.spec.ts(80,7): error TS2304: Cannot find name 'expect'.
src/attachments/attachments.controller.spec.ts(84,3): error TS2582: Cannot find name 'describe'. Do you need to install type definitions for a test runner? Try `npm i --save-dev @types/jest` or `npm i --save-dev @types/mocha`.
src/attachments/attachments.controller.spec.ts(85,5): error TS2582: Cannot find name 'it'. Do you need to install type definitions for a test runner? Try `npm i --save-dev @types/jest` or `npm i --save-dev @types/mocha`.
src/attachments/attachments.controller.spec.ts(89,39): error TS2339: Property 'findOne' does not exist on type 'AttachmentsController'.
src/attachments/attachments.controller.spec.ts(91,7): error TS2304: Cannot find name 'expect'.
src/attachments/attachments.controller.spec.ts(95,7): error TS2304: Cannot find name 'expect'.
src/attachments/attachments.controller.spec.ts(99,3): error TS2582: Cannot find name 'describe'. Do you need to install type definitions for a test runner? Try `npm i --save-dev @types/jest` or `npm i --save-dev @types/mocha`.
src/attachments/attachments.controller.spec.ts(100,5): error TS2582: Cannot find name 'it'. Do you need to install type definitions for a test runner? Try `npm i --save-dev @types/jest` or `npm i --save-dev @types/mocha`.
src/attachments/attachments.controller.spec.ts(103,42): error TS2345: Argument of type '{ id: string; email: string; name: string; }' is not assignable to parameter of type 'RequestUser'.
  Property 'username' is missing in type '{ id: string; email: string; name: string; }' but required in type 'RequestUser'.
src/attachments/attachments.controller.spec.ts(105,7): error TS2304: Cannot find name 'expect'.
src/attachments/attachments.controller.spec.ts(112,3): error TS2582: Cannot find name 'describe'. Do you need to install type definitions for a test runner? Try `npm i --save-dev @types/jest` or `npm i --save-dev @types/mocha`.
src/attachments/attachments.controller.spec.ts(113,5): error TS2582: Cannot find name 'it'. Do you need to install type definitions for a test runner? Try `npm i --save-dev @types/jest` or `npm i --save-dev @types/mocha`.
src/attachments/attachments.controller.spec.ts(117,39): error TS2339: Property 'download' does not exist on type 'AttachmentsController'.
src/attachments/attachments.controller.spec.ts(119,7): error TS2304: Cannot find name 'expect'.
src/attachments/attachments.controller.spec.ts(123,7): error TS2304: Cannot find name 'expect'.
src/attachments/attachments.controller.ts(15,33): error TS2307: Cannot find module '@nestjs/platform-express' or its corresponding type declarations.
src/attachments/attachments.controller.ts(16,29): error TS2307: Cannot find module 'multer' or its corresponding type declarations.
src/attachments/attachments.controller.ts(72,27): error TS2503: Cannot find namespace 'Express'.
src/attachments/dto/create-attachment.dto.ts(1,47): error TS2307: Cannot find module 'class-validator' or its corresponding type declarations.
src/attachments/dto/create-attachment.dto.ts(2,22): error TS2307: Cannot find module 'class-transformer' or its corresponding type declarations.
src/auth/auth.module.ts(2,27): error TS2307: Cannot find module '@nestjs/jwt' or its corresponding type declarations.
src/auth/auth.module.ts(3,32): error TS2307: Cannot find module '@nestjs/passport' or its corresponding type declarations.
src/auth/auth.module.ts(4,45): error TS2307: Cannot find module '@nestjs/config' or its corresponding type declarations.
src/auth/auth.service.spec.ts(1,37): error TS2307: Cannot find module '@nestjs/testing' or its corresponding type declarations.
src/auth/auth.service.spec.ts(2,28): error TS2307: Cannot find module '@nestjs/jwt' or its corresponding type declarations.
src/auth/auth.service.spec.ts(3,31): error TS2307: Cannot find module '@nestjs/config' or its corresponding type declarations.
src/auth/auth.service.spec.ts(8,1): error TS2582: Cannot find name 'describe'. Do you need to install type definitions for a test runner? Try `npm i --save-dev @types/jest` or `npm i --save-dev @types/mocha`.
src/auth/auth.service.spec.ts(13,18): error TS2304: Cannot find name 'jest'.
src/auth/auth.service.spec.ts(17,11): error TS2304: Cannot find name 'jest'.
src/auth/auth.service.spec.ts(18,14): error TS2304: Cannot find name 'jest'.
src/auth/auth.service.spec.ts(22,10): error TS2304: Cannot find name 'jest'.
src/auth/auth.service.spec.ts(30,3): error TS2304: Cannot find name 'beforeEach'.
src/auth/auth.service.spec.ts(45,19): error TS2304: Cannot find name 'jest'.
src/auth/auth.service.spec.ts(46,21): error TS2304: Cannot find name 'jest'.
src/auth/auth.service.spec.ts(60,3): error TS2304: Cannot find name 'afterEach'.
src/auth/auth.service.spec.ts(61,5): error TS2304: Cannot find name 'jest'.
src/auth/auth.service.spec.ts(64,3): error TS2582: Cannot find name 'describe'. Do you need to install type definitions for a test runner? Try `npm i --save-dev @types/jest` or `npm i --save-dev @types/mocha`.
src/auth/auth.service.spec.ts(65,5): error TS2582: Cannot find name 'it'. Do you need to install type definitions for a test runner? Try `npm i --save-dev @types/jest` or `npm i --save-dev @types/mocha`.
src/auth/auth.service.spec.ts(79,29): error TS2503: Cannot find namespace 'jest'.
src/auth/auth.service.spec.ts(86,7): error TS2304: Cannot find name 'expect'.
src/auth/auth.service.spec.ts(89,7): error TS2304: Cannot find name 'expect'.
src/auth/auth.service.spec.ts(93,7): error TS2304: Cannot find name 'expect'.
src/auth/auth.service.spec.ts(104,5): error TS2582: Cannot find name 'it'. Do you need to install type definitions for a test runner? Try `npm i --save-dev @types/jest` or `npm i --save-dev @types/mocha`.
src/auth/auth.service.spec.ts(111,29): error TS2503: Cannot find namespace 'jest'.
src/auth/auth.service.spec.ts(114,13): error TS2304: Cannot find name 'expect'.
src/auth/auth.service.spec.ts(119,5): error TS2582: Cannot find name 'it'. Do you need to install type definitions for a test runner? Try `npm i --save-dev @types/jest` or `npm i --save-dev @types/mocha`.
src/auth/auth.service.spec.ts(122,29): error TS2503: Cannot find namespace 'jest'.
src/auth/auth.service.spec.ts(126,13): error TS2304: Cannot find name 'expect'.
src/auth/auth.service.spec.ts(129,13): error TS2304: Cannot find name 'expect'.
src/auth/auth.service.spec.ts(134,5): error TS2582: Cannot find name 'it'. Do you need to install type definitions for a test runner? Try `npm i --save-dev @types/jest` or `npm i --save-dev @types/mocha`.
src/auth/auth.service.spec.ts(137,29): error TS2503: Cannot find namespace 'jest'.
src/auth/auth.service.spec.ts(141,13): error TS2304: Cannot find name 'expect'.
src/auth/auth.service.spec.ts(144,13): error TS2304: Cannot find name 'expect'.
src/auth/auth.service.spec.ts(149,5): error TS2582: Cannot find name 'it'. Do you need to install type definitions for a test runner? Try `npm i --save-dev @types/jest` or `npm i --save-dev @types/mocha`.
src/auth/auth.service.spec.ts(150,29): error TS2503: Cannot find namespace 'jest'.
src/auth/auth.service.spec.ts(154,13): error TS2304: Cannot find name 'expect'.
src/auth/auth.service.spec.ts(157,13): error TS2304: Cannot find name 'expect'.
src/auth/auth.service.ts(7,28): error TS2307: Cannot find module '@nestjs/jwt' or its corresponding type declarations.
src/auth/auth.service.ts(8,31): error TS2307: Cannot find module '@nestjs/config' or its corresponding type declarations.
src/auth/auth.service.ts(9,62): error TS2307: Cannot find module '@ordo-todo/core' or its corresponding type declarations.
src/auth/crypto/bcrypt-crypto.provider.ts(2,25): error TS2307: Cannot find module 'bcrypt' or its corresponding type declarations.
src/auth/crypto/bcrypt-crypto.provider.ts(3,37): error TS2307: Cannot find module '@ordo-todo/core' or its corresponding type declarations.
src/auth/dto/login.dto.ts(1,46): error TS2307: Cannot find module 'class-validator' or its corresponding type declarations.
src/auth/dto/refresh-token.dto.ts(1,38): error TS2307: Cannot find module 'class-validator' or its corresponding type declarations.
src/auth/dto/register.dto.ts(8,8): error TS2307: Cannot find module 'class-validator' or its corresponding type declarations.
src/auth/strategies/jwt.strategy.ts(2,34): error TS2307: Cannot find module '@nestjs/passport' or its corresponding type declarations.
src/auth/strategies/jwt.strategy.ts(3,38): error TS2307: Cannot find module 'passport-jwt' or its corresponding type declarations.
src/auth/strategies/jwt.strategy.ts(4,31): error TS2307: Cannot find module '@nestjs/config' or its corresponding type declarations.
src/auth/strategies/local.strategy.ts(2,34): error TS2307: Cannot find module '@nestjs/passport' or its corresponding type declarations.
src/auth/strategies/local.strategy.ts(3,26): error TS2307: Cannot find module 'passport-local' or its corresponding type declarations.
src/chat/chat.controller.spec.ts(1,37): error TS2307: Cannot find module '@nestjs/testing' or its corresponding type declarations.
src/chat/chat.controller.spec.ts(5,1): error TS2582: Cannot find name 'describe'. Do you need to install type definitions for a test runner? Try `npm i --save-dev @types/jest` or `npm i --save-dev @types/mocha`.
src/chat/chat.controller.spec.ts(7,20): error TS2503: Cannot find namespace 'jest'.
src/chat/chat.controller.spec.ts(11,3): error TS2304: Cannot find name 'beforeEach'.
src/chat/chat.controller.spec.ts(13,25): error TS2304: Cannot find name 'jest'.
src/chat/chat.controller.spec.ts(14,24): error TS2304: Cannot find name 'jest'.
src/chat/chat.controller.spec.ts(15,27): error TS2304: Cannot find name 'jest'.
src/chat/chat.controller.spec.ts(16,20): error TS2304: Cannot find name 'jest'.
src/chat/chat.controller.spec.ts(17,20): error TS2304: Cannot find name 'jest'.
src/chat/chat.controller.spec.ts(18,28): error TS2304: Cannot find name 'jest'.
src/chat/chat.controller.spec.ts(19,27): error TS2304: Cannot find name 'jest'.
src/chat/chat.controller.spec.ts(20,20): error TS2304: Cannot find name 'jest'.
src/chat/chat.controller.spec.ts(31,10): error TS2503: Cannot find namespace 'jest'.
src/chat/chat.controller.spec.ts(34,3): error TS2582: Cannot find name 'it'. Do you need to install type definitions for a test runner? Try `npm i --save-dev @types/jest` or `npm i --save-dev @types/mocha`.
src/chat/chat.controller.spec.ts(35,5): error TS2304: Cannot find name 'expect'.
src/chat/chat.controller.spec.ts(38,3): error TS2582: Cannot find name 'describe'. Do you need to install type definitions for a test runner? Try `npm i --save-dev @types/jest` or `npm i --save-dev @types/mocha`.
src/chat/chat.controller.spec.ts(39,5): error TS2582: Cannot find name 'it'. Do you need to install type definitions for a test runner? Try `npm i --save-dev @types/jest` or `npm i --save-dev @types/mocha`.
src/chat/chat.controller.spec.ts(55,7): error TS2304: Cannot find name 'expect'.
src/chat/chat.controller.spec.ts(60,7): error TS2304: Cannot find name 'expect'.
src/chat/chat.controller.spec.ts(63,5): error TS2582: Cannot find name 'it'. Do you need to install type definitions for a test runner? Try `npm i --save-dev @types/jest` or `npm i --save-dev @types/mocha`.
src/chat/chat.controller.spec.ts(73,7): error TS2304: Cannot find name 'expect'.
src/chat/chat.controller.spec.ts(81,3): error TS2582: Cannot find name 'describe'. Do you need to install type definitions for a test runner? Try `npm i --save-dev @types/jest` or `npm i --save-dev @types/mocha`.
src/chat/chat.controller.spec.ts(82,5): error TS2582: Cannot find name 'it'. Do you need to install type definitions for a test runner? Try `npm i --save-dev @types/jest` or `npm i --save-dev @types/mocha`.
src/chat/chat.controller.spec.ts(88,7): error TS2304: Cannot find name 'expect'.
src/chat/chat.controller.spec.ts(92,7): error TS2304: Cannot find name 'expect'.
src/chat/chat.controller.spec.ts(96,3): error TS2582: Cannot find name 'describe'. Do you need to install type definitions for a test runner? Try `npm i --save-dev @types/jest` or `npm i --save-dev @types/mocha`.
src/chat/chat.controller.spec.ts(97,5): error TS2582: Cannot find name 'it'. Do you need to install type definitions for a test runner? Try `npm i --save-dev @types/jest` or `npm i --save-dev @types/mocha`.
src/chat/chat.controller.spec.ts(104,7): error TS2304: Cannot find name 'expect'.
src/chat/chat.controller.spec.ts(108,7): error TS2304: Cannot find name 'expect'.
src/chat/chat.controller.spec.ts(112,3): error TS2582: Cannot find name 'describe'. Do you need to install type definitions for a test runner? Try `npm i --save-dev @types/jest` or `npm i --save-dev @types/mocha`.
src/chat/chat.controller.spec.ts(113,5): error TS2582: Cannot find name 'it'. Do you need to install type definitions for a test runner? Try `npm i --save-dev @types/jest` or `npm i --save-dev @types/mocha`.
src/chat/chat.controller.spec.ts(124,7): error TS2304: Cannot find name 'expect'.
src/chat/chat.controller.spec.ts(129,7): error TS2304: Cannot find name 'expect'.
src/chat/chat.controller.spec.ts(133,3): error TS2582: Cannot find name 'describe'. Do you need to install type definitions for a test runner? Try `npm i --save-dev @types/jest` or `npm i --save-dev @types/mocha`.
src/chat/chat.controller.spec.ts(134,5): error TS2582: Cannot find name 'it'. Do you need to install type definitions for a test runner? Try `npm i --save-dev @types/jest` or `npm i --save-dev @types/mocha`.
src/chat/chat.controller.spec.ts(139,7): error TS2304: Cannot find name 'expect'.
src/chat/chat.controller.spec.ts(147,3): error TS2582: Cannot find name 'describe'. Do you need to install type definitions for a test runner? Try `npm i --save-dev @types/jest` or `npm i --save-dev @types/mocha`.
src/chat/chat.controller.spec.ts(148,5): error TS2582: Cannot find name 'it'. Do you need to install type definitions for a test runner? Try `npm i --save-dev @types/jest` or `npm i --save-dev @types/mocha`.
src/chat/chat.controller.spec.ts(153,7): error TS2304: Cannot find name 'expect'.
src/chat/chat.controller.spec.ts(160,3): error TS2582: Cannot find name 'describe'. Do you need to install type definitions for a test runner? Try `npm i --save-dev @types/jest` or `npm i --save-dev @types/mocha`.
src/chat/chat.controller.spec.ts(161,5): error TS2582: Cannot find name 'it'. Do you need to install type definitions for a test runner? Try `npm i --save-dev @types/jest` or `npm i --save-dev @types/mocha`.
src/chat/chat.controller.spec.ts(166,7): error TS2304: Cannot find name 'expect'.
src/chat/chat.controller.spec.ts(173,3): error TS2582: Cannot find name 'describe'. Do you need to install type definitions for a test runner? Try `npm i --save-dev @types/jest` or `npm i --save-dev @types/mocha`.
src/chat/chat.controller.spec.ts(174,5): error TS2582: Cannot find name 'it'. Do you need to install type definitions for a test runner? Try `npm i --save-dev @types/jest` or `npm i --save-dev @types/mocha`.
src/chat/chat.controller.spec.ts(186,7): error TS2304: Cannot find name 'expect'.
src/chat/chat.controller.spec.ts(187,7): error TS2304: Cannot find name 'expect'.
src/chat/chat.repository.ts(3,34): error TS2307: Cannot find module '@prisma/client' or its corresponding type declarations.
src/chat/chat.service.spec.ts(1,37): error TS2307: Cannot find module '@nestjs/testing' or its corresponding type declarations.
src/chat/chat.service.spec.ts(6,26): error TS2307: Cannot find module '@prisma/client' or its corresponding type declarations.
src/chat/chat.service.spec.ts(8,1): error TS2582: Cannot find name 'describe'. Do you need to install type definitions for a test runner? Try `npm i --save-dev @types/jest` or `npm i --save-dev @types/mocha`.
src/chat/chat.service.spec.ts(10,23): error TS2503: Cannot find namespace 'jest'.
src/chat/chat.service.spec.ts(11,21): error TS2503: Cannot find namespace 'jest'.
src/chat/chat.service.spec.ts(16,3): error TS2304: Cannot find name 'beforeEach'.
src/chat/chat.service.spec.ts(18,27): error TS2304: Cannot find name 'jest'.
src/chat/chat.service.spec.ts(19,25): error TS2304: Cannot find name 'jest'.
src/chat/chat.service.spec.ts(20,24): error TS2304: Cannot find name 'jest'.
src/chat/chat.service.spec.ts(21,19): error TS2304: Cannot find name 'jest'.
src/chat/chat.service.spec.ts(22,32): error TS2304: Cannot find name 'jest'.
src/chat/chat.service.spec.ts(23,28): error TS2304: Cannot find name 'jest'.
src/chat/chat.service.spec.ts(24,27): error TS2304: Cannot find name 'jest'.
src/chat/chat.service.spec.ts(25,26): error TS2304: Cannot find name 'jest'.
src/chat/chat.service.spec.ts(26,24): error TS2304: Cannot find name 'jest'.
src/chat/chat.service.spec.ts(30,13): error TS2304: Cannot find name 'jest'.
src/chat/chat.service.spec.ts(31,29): error TS2304: Cannot find name 'jest'.
src/chat/chat.service.spec.ts(45,10): error TS2503: Cannot find namespace 'jest'.
src/chat/chat.service.spec.ts(48,10): error TS2503: Cannot find namespace 'jest'.
src/chat/chat.service.spec.ts(51,3): error TS2582: Cannot find name 'it'. Do you need to install type definitions for a test runner? Try `npm i --save-dev @types/jest` or `npm i --save-dev @types/mocha`.
src/chat/chat.service.spec.ts(52,5): error TS2304: Cannot find name 'expect'.
src/chat/chat.service.spec.ts(55,3): error TS2582: Cannot find name 'describe'. Do you need to install type definitions for a test runner? Try `npm i --save-dev @types/jest` or `npm i --save-dev @types/mocha`.
src/chat/chat.service.spec.ts(56,5): error TS2582: Cannot find name 'it'. Do you need to install type definitions for a test runner? Try `npm i --save-dev @types/jest` or `npm i --save-dev @types/mocha`.
src/chat/chat.service.spec.ts(74,7): error TS2304: Cannot find name 'expect'.
src/chat/chat.service.spec.ts(79,7): error TS2304: Cannot find name 'expect'.
src/chat/chat.service.spec.ts(82,5): error TS2582: Cannot find name 'it'. Do you need to install type definitions for a test runner? Try `npm i --save-dev @types/jest` or `npm i --save-dev @types/mocha`.
src/chat/chat.service.spec.ts(128,7): error TS2304: Cannot find name 'expect'.
src/chat/chat.service.spec.ts(129,7): error TS2304: Cannot find name 'expect'.
src/chat/chat.service.spec.ts(133,3): error TS2582: Cannot find name 'describe'. Do you need to install type definitions for a test runner? Try `npm i --save-dev @types/jest` or `npm i --save-dev @types/mocha`.
src/chat/chat.service.spec.ts(134,5): error TS2582: Cannot find name 'it'. Do you need to install type definitions for a test runner? Try `npm i --save-dev @types/jest` or `npm i --save-dev @types/mocha`.
src/chat/chat.service.spec.ts(148,7): error TS2304: Cannot find name 'expect'.
src/chat/chat.service.spec.ts(152,7): error TS2304: Cannot find name 'expect'.
src/chat/chat.service.spec.ts(156,3): error TS2582: Cannot find name 'describe'. Do you need to install type definitions for a test runner? Try `npm i --save-dev @types/jest` or `npm i --save-dev @types/mocha`.
src/chat/chat.service.spec.ts(157,5): error TS2582: Cannot find name 'it'. Do you need to install type definitions for a test runner? Try `npm i --save-dev @types/jest` or `npm i --save-dev @types/mocha`.
src/chat/chat.service.spec.ts(182,7): error TS2304: Cannot find name 'expect'.
src/chat/chat.service.spec.ts(183,7): error TS2304: Cannot find name 'expect'.
src/chat/chat.service.spec.ts(186,5): error TS2582: Cannot find name 'it'. Do you need to install type definitions for a test runner? Try `npm i --save-dev @types/jest` or `npm i --save-dev @types/mocha`.
src/chat/chat.service.spec.ts(189,13): error TS2304: Cannot find name 'expect'.
src/chat/chat.service.spec.ts(195,3): error TS2582: Cannot find name 'describe'. Do you need to install type definitions for a test runner? Try `npm i --save-dev @types/jest` or `npm i --save-dev @types/mocha`.
src/chat/chat.service.spec.ts(196,5): error TS2582: Cannot find name 'it'. Do you need to install type definitions for a test runner? Try `npm i --save-dev @types/jest` or `npm i --save-dev @types/mocha`.
src/chat/chat.service.spec.ts(228,7): error TS2304: Cannot find name 'expect'.
src/chat/chat.service.spec.ts(229,7): error TS2304: Cannot find name 'expect'.
src/chat/chat.service.spec.ts(230,7): error TS2304: Cannot find name 'expect'.
src/chat/chat.service.spec.ts(231,7): error TS2304: Cannot find name 'expect'.
src/chat/chat.service.spec.ts(232,7): error TS2304: Cannot find name 'expect'.
src/chat/chat.service.spec.ts(235,5): error TS2582: Cannot find name 'it'. Do you need to install type definitions for a test runner? Try `npm i --save-dev @types/jest` or `npm i --save-dev @types/mocha`.
src/chat/chat.service.spec.ts(238,13): error TS2304: Cannot find name 'expect'.
src/chat/chat.service.spec.ts(246,3): error TS2582: Cannot find name 'describe'. Do you need to install type definitions for a test runner? Try `npm i --save-dev @types/jest` or `npm i --save-dev @types/mocha`.
src/chat/chat.service.spec.ts(247,5): error TS2582: Cannot find name 'it'. Do you need to install type definitions for a test runner? Try `npm i --save-dev @types/jest` or `npm i --save-dev @types/mocha`.
src/chat/chat.service.spec.ts(253,7): error TS2304: Cannot find name 'expect'.
src/chat/chat.service.spec.ts(259,5): error TS2582: Cannot find name 'it'. Do you need to install type definitions for a test runner? Try `npm i --save-dev @types/jest` or `npm i --save-dev @types/mocha`.
src/chat/chat.service.spec.ts(262,13): error TS2304: Cannot find name 'expect'.
src/chat/chat.service.spec.ts(268,3): error TS2582: Cannot find name 'describe'. Do you need to install type definitions for a test runner? Try `npm i --save-dev @types/jest` or `npm i --save-dev @types/mocha`.
src/chat/chat.service.spec.ts(269,5): error TS2582: Cannot find name 'it'. Do you need to install type definitions for a test runner? Try `npm i --save-dev @types/jest` or `npm i --save-dev @types/mocha`.
src/chat/chat.service.spec.ts(282,7): error TS2304: Cannot find name 'expect'.
src/chat/chat.service.spec.ts(285,7): error TS2304: Cannot find name 'expect'.
src/chat/chat.service.ts(12,26): error TS2307: Cannot find module '@prisma/client' or its corresponding type declarations.
src/chat/dto/chat.dto.ts(1,63): error TS2307: Cannot find module 'class-validator' or its corresponding type declarations.
src/chat/dto/chat.dto.ts(2,22): error TS2307: Cannot find module 'class-transformer' or its corresponding type declarations.
src/chat/productivity-coach.service.ts(4,26): error TS2307: Cannot find module '@prisma/client' or its corresponding type declarations.
src/collaboration/collaboration.gateway.spec.ts(1,37): error TS2307: Cannot find module '@nestjs/testing' or its corresponding type declarations.
src/collaboration/collaboration.gateway.spec.ts(3,28): error TS2307: Cannot find module '@nestjs/jwt' or its corresponding type declarations.
src/collaboration/collaboration.gateway.spec.ts(4,31): error TS2307: Cannot find module '@nestjs/config' or its corresponding type declarations.
src/collaboration/collaboration.gateway.spec.ts(5,32): error TS2307: Cannot find module 'socket.io' or its corresponding type declarations.
src/collaboration/collaboration.gateway.spec.ts(7,1): error TS2582: Cannot find name 'describe'. Do you need to install type definitions for a test runner? Try `npm i --save-dev @types/jest` or `npm i --save-dev @types/mocha`.
src/collaboration/collaboration.gateway.spec.ts(9,19): error TS2503: Cannot find namespace 'jest'.
src/collaboration/collaboration.gateway.spec.ts(10,22): error TS2503: Cannot find namespace 'jest'.
src/collaboration/collaboration.gateway.spec.ts(13,9): error TS2304: Cannot find name 'jest'.
src/collaboration/collaboration.gateway.spec.ts(14,11): error TS2304: Cannot find name 'jest'.
src/collaboration/collaboration.gateway.spec.ts(18,22): error TS2304: Cannot find name 'jest'.
src/collaboration/collaboration.gateway.spec.ts(27,13): error TS2304: Cannot find name 'jest'.
src/collaboration/collaboration.gateway.spec.ts(28,14): error TS2304: Cannot find name 'jest'.
src/collaboration/collaboration.gateway.spec.ts(29,13): error TS2304: Cannot find name 'jest'.
src/collaboration/collaboration.gateway.spec.ts(30,19): error TS2304: Cannot find name 'jest'.
src/collaboration/collaboration.gateway.spec.ts(31,11): error TS2304: Cannot find name 'jest'.
src/collaboration/collaboration.gateway.spec.ts(33,13): error TS2304: Cannot find name 'jest'.
src/collaboration/collaboration.gateway.spec.ts(33,47): error TS2304: Cannot find name 'jest'.
src/collaboration/collaboration.gateway.spec.ts(34,15): error TS2304: Cannot find name 'jest'.
src/collaboration/collaboration.gateway.spec.ts(39,3): error TS2304: Cannot find name 'beforeEach'.
src/collaboration/collaboration.gateway.spec.ts(41,20): error TS2304: Cannot find name 'jest'.
src/collaboration/collaboration.gateway.spec.ts(45,12): error TS2304: Cannot find name 'jest'.
src/collaboration/collaboration.gateway.spec.ts(60,56): error TS2503: Cannot find namespace 'jest'.
src/collaboration/collaboration.gateway.spec.ts(63,10): error TS2503: Cannot find namespace 'jest'.
src/collaboration/collaboration.gateway.spec.ts(67,3): error TS2304: Cannot find name 'afterEach'.
src/collaboration/collaboration.gateway.spec.ts(68,5): error TS2304: Cannot find name 'jest'.
src/collaboration/collaboration.gateway.spec.ts(71,3): error TS2582: Cannot find name 'it'. Do you need to install type definitions for a test runner? Try `npm i --save-dev @types/jest` or `npm i --save-dev @types/mocha`.
src/collaboration/collaboration.gateway.spec.ts(72,5): error TS2304: Cannot find name 'expect'.
src/collaboration/collaboration.gateway.spec.ts(75,3): error TS2582: Cannot find name 'describe'. Do you need to install type definitions for a test runner? Try `npm i --save-dev @types/jest` or `npm i --save-dev @types/mocha`.
src/collaboration/collaboration.gateway.spec.ts(76,5): error TS2582: Cannot find name 'it'. Do you need to install type definitions for a test runner? Try `npm i --save-dev @types/jest` or `npm i --save-dev @types/mocha`.
src/collaboration/collaboration.gateway.spec.ts(85,7): error TS2304: Cannot find name 'expect'.
src/collaboration/collaboration.gateway.spec.ts(86,7): error TS2304: Cannot find name 'expect'.
src/collaboration/collaboration.gateway.spec.ts(89,5): error TS2582: Cannot find name 'it'. Do you need to install type definitions for a test runner? Try `npm i --save-dev @types/jest` or `npm i --save-dev @types/mocha`.
src/collaboration/collaboration.gateway.spec.ts(94,7): error TS2304: Cannot find name 'expect'.
src/collaboration/collaboration.gateway.spec.ts(97,5): error TS2582: Cannot find name 'it'. Do you need to install type definitions for a test runner? Try `npm i --save-dev @types/jest` or `npm i --save-dev @types/mocha`.
src/collaboration/collaboration.gateway.spec.ts(103,7): error TS2304: Cannot find name 'expect'.
src/collaboration/collaboration.gateway.spec.ts(107,3): error TS2582: Cannot find name 'describe'. Do you need to install type definitions for a test runner? Try `npm i --save-dev @types/jest` or `npm i --save-dev @types/mocha`.
src/collaboration/collaboration.gateway.spec.ts(108,5): error TS2582: Cannot find name 'it'. Do you need to install type definitions for a test runner? Try `npm i --save-dev @types/jest` or `npm i --save-dev @types/mocha`.
src/collaboration/collaboration.gateway.spec.ts(112,7): error TS2304: Cannot find name 'expect'.
src/collaboration/collaboration.gateway.spec.ts(116,3): error TS2582: Cannot find name 'describe'. Do you need to install type definitions for a test runner? Try `npm i --save-dev @types/jest` or `npm i --save-dev @types/mocha`.
src/collaboration/collaboration.gateway.spec.ts(117,5): error TS2582: Cannot find name 'it'. Do you need to install type definitions for a test runner? Try `npm i --save-dev @types/jest` or `npm i --save-dev @types/mocha`.
src/collaboration/collaboration.gateway.spec.ts(123,7): error TS2304: Cannot find name 'expect'.
src/collaboration/collaboration.gateway.spec.ts(127,3): error TS2582: Cannot find name 'describe'. Do you need to install type definitions for a test runner? Try `npm i --save-dev @types/jest` or `npm i --save-dev @types/mocha`.
src/collaboration/collaboration.gateway.spec.ts(128,5): error TS2582: Cannot find name 'it'. Do you need to install type definitions for a test runner? Try `npm i --save-dev @types/jest` or `npm i --save-dev @types/mocha`.
src/collaboration/collaboration.gateway.spec.ts(134,7): error TS2304: Cannot find name 'expect'.
src/collaboration/collaboration.gateway.spec.ts(138,3): error TS2582: Cannot find name 'describe'. Do you need to install type definitions for a test runner? Try `npm i --save-dev @types/jest` or `npm i --save-dev @types/mocha`.
src/collaboration/collaboration.gateway.spec.ts(139,5): error TS2582: Cannot find name 'it'. Do you need to install type definitions for a test runner? Try `npm i --save-dev @types/jest` or `npm i --save-dev @types/mocha`.
src/collaboration/collaboration.gateway.spec.ts(145,7): error TS2304: Cannot find name 'expect'.
src/collaboration/collaboration.gateway.spec.ts(149,3): error TS2582: Cannot find name 'describe'. Do you need to install type definitions for a test runner? Try `npm i --save-dev @types/jest` or `npm i --save-dev @types/mocha`.
src/collaboration/collaboration.gateway.spec.ts(150,5): error TS2582: Cannot find name 'it'. Do you need to install type definitions for a test runner? Try `npm i --save-dev @types/jest` or `npm i --save-dev @types/mocha`.
src/collaboration/collaboration.gateway.spec.ts(156,7): error TS2304: Cannot find name 'expect'.
src/collaboration/collaboration.gateway.spec.ts(160,3): error TS2582: Cannot find name 'describe'. Do you need to install type definitions for a test runner? Try `npm i --save-dev @types/jest` or `npm i --save-dev @types/mocha`.
src/collaboration/collaboration.gateway.spec.ts(161,5): error TS2582: Cannot find name 'it'. Do you need to install type definitions for a test runner? Try `npm i --save-dev @types/jest` or `npm i --save-dev @types/mocha`.
src/collaboration/collaboration.gateway.spec.ts(172,7): error TS2304: Cannot find name 'expect'.
src/collaboration/collaboration.gateway.spec.ts(176,3): error TS2582: Cannot find name 'describe'. Do you need to install type definitions for a test runner? Try `npm i --save-dev @types/jest` or `npm i --save-dev @types/mocha`.
src/collaboration/collaboration.gateway.spec.ts(177,5): error TS2582: Cannot find name 'it'. Do you need to install type definitions for a test runner? Try `npm i --save-dev @types/jest` or `npm i --save-dev @types/mocha`.
src/collaboration/collaboration.gateway.spec.ts(180,7): error TS2304: Cannot find name 'expect'.
src/collaboration/collaboration.gateway.spec.ts(181,7): error TS2304: Cannot find name 'expect'.
src/collaboration/collaboration.gateway.spec.ts(183,9): error TS2304: Cannot find name 'expect'.
src/collaboration/collaboration.gateway.ts(9,8): error TS2307: Cannot find module '@nestjs/websockets' or its corresponding type declarations.
src/collaboration/collaboration.gateway.ts(10,32): error TS2307: Cannot find module 'socket.io' or its corresponding type declarations.
src/collaboration/collaboration.gateway.ts(12,28): error TS2307: Cannot find module '@nestjs/jwt' or its corresponding type declarations.
src/collaboration/collaboration.gateway.ts(13,31): error TS2307: Cannot find module '@nestjs/config' or its corresponding type declarations.
src/collaboration/collaboration.module.ts(5,27): error TS2307: Cannot find module '@nestjs/jwt' or its corresponding type declarations.
src/collaboration/collaboration.module.ts(6,45): error TS2307: Cannot find module '@nestjs/config' or its corresponding type declarations.
src/comments/comments.service.spec.ts(1,37): error TS2307: Cannot find module '@nestjs/testing' or its corresponding type declarations.
src/comments/comments.service.spec.ts(7,48): error TS2307: Cannot find module '@prisma/client' or its corresponding type declarations.
src/comments/comments.service.spec.ts(9,1): error TS2582: Cannot find name 'describe'. Do you need to install type definitions for a test runner? Try `npm i --save-dev @types/jest` or `npm i --save-dev @types/mocha`.
src/comments/comments.service.spec.ts(17,15): error TS2304: Cannot find name 'jest'.
src/comments/comments.service.spec.ts(18,19): error TS2304: Cannot find name 'jest'.
src/comments/comments.service.spec.ts(19,15): error TS2304: Cannot find name 'jest'.
src/comments/comments.service.spec.ts(20,15): error TS2304: Cannot find name 'jest'.
src/comments/comments.service.spec.ts(21,17): error TS2304: Cannot find name 'jest'.
src/comments/comments.service.spec.ts(24,19): error TS2304: Cannot find name 'jest'.
src/comments/comments.service.spec.ts(27,17): error TS2304: Cannot find name 'jest'.
src/comments/comments.service.spec.ts(32,22): error TS2304: Cannot find name 'jest'.
src/comments/comments.service.spec.ts(33,23): error TS2304: Cannot find name 'jest'.
src/comments/comments.service.spec.ts(34,24): error TS2304: Cannot find name 'jest'.
src/comments/comments.service.spec.ts(38,13): error TS2304: Cannot find name 'jest'.
src/comments/comments.service.spec.ts(41,3): error TS2304: Cannot find name 'beforeEach'.
src/comments/comments.service.spec.ts(58,3): error TS2304: Cannot find name 'afterEach'.
src/comments/comments.service.spec.ts(59,5): error TS2304: Cannot find name 'jest'.
src/comments/comments.service.spec.ts(62,3): error TS2582: Cannot find name 'describe'. Do you need to install type definitions for a test runner? Try `npm i --save-dev @types/jest` or `npm i --save-dev @types/mocha`.
src/comments/comments.service.spec.ts(63,5): error TS2582: Cannot find name 'it'. Do you need to install type definitions for a test runner? Try `npm i --save-dev @types/jest` or `npm i --save-dev @types/mocha`.
src/comments/comments.service.spec.ts(95,7): error TS2304: Cannot find name 'expect'.
src/comments/comments.service.spec.ts(96,7): error TS2304: Cannot find name 'expect'.
src/comments/comments.service.spec.ts(97,9): error TS2304: Cannot find name 'expect'.
src/comments/comments.service.spec.ts(103,7): error TS2304: Cannot find name 'expect'.
src/comments/comments.service.spec.ts(108,7): error TS2304: Cannot find name 'expect'.
src/comments/comments.service.spec.ts(111,5): error TS2582: Cannot find name 'it'. Do you need to install type definitions for a test runner? Try `npm i --save-dev @types/jest` or `npm i --save-dev @types/mocha`.
src/comments/comments.service.spec.ts(144,7): error TS2304: Cannot find name 'expect'.
src/comments/comments.service.spec.ts(145,9): error TS2304: Cannot find name 'expect'.
src/comments/comments.service.spec.ts(151,7): error TS2304: Cannot find name 'expect'.
src/comments/comments.service.spec.ts(159,3): error TS2582: Cannot find name 'describe'. Do you need to install type definitions for a test runner? Try `npm i --save-dev @types/jest` or `npm i --save-dev @types/mocha`.
src/comments/comments.service.spec.ts(160,5): error TS2582: Cannot find name 'it'. Do you need to install type definitions for a test runner? Try `npm i --save-dev @types/jest` or `npm i --save-dev @types/mocha`.
src/comments/comments.service.spec.ts(178,7): error TS2304: Cannot find name 'expect'.
src/comments/comments.service.spec.ts(179,7): error TS2304: Cannot find name 'expect'.
src/comments/comments.service.spec.ts(183,7): error TS2304: Cannot find name 'expect'.
src/comments/comments.service.spec.ts(186,5): error TS2582: Cannot find name 'it'. Do you need to install type definitions for a test runner? Try `npm i --save-dev @types/jest` or `npm i --save-dev @types/mocha`.
src/comments/comments.service.spec.ts(199,13): error TS2304: Cannot find name 'expect'.
src/comments/comments.service.spec.ts(205,3): error TS2582: Cannot find name 'describe'. Do you need to install type definitions for a test runner? Try `npm i --save-dev @types/jest` or `npm i --save-dev @types/mocha`.
src/comments/comments.service.spec.ts(206,5): error TS2582: Cannot find name 'it'. Do you need to install type definitions for a test runner? Try `npm i --save-dev @types/jest` or `npm i --save-dev @types/mocha`.
src/comments/comments.service.spec.ts(221,7): error TS2304: Cannot find name 'expect'.
src/comments/comments.service.spec.ts(224,7): error TS2304: Cannot find name 'expect'.
src/comments/comments.service.spec.ts(228,7): error TS2304: Cannot find name 'expect'.
src/comments/comments.service.ts(11,48): error TS2307: Cannot find module '@prisma/client' or its corresponding type declarations.
src/comments/dto/create-comment.dto.ts(1,37): error TS2307: Cannot find module 'class-validator' or its corresponding type declarations.
src/comments/dto/update-comment.dto.ts(1,37): error TS2307: Cannot find module 'class-validator' or its corresponding type declarations.
src/common/decorators/roles.decorator.ts(2,28): error TS2307: Cannot find module '@prisma/client' or its corresponding type declarations.
src/common/filters/global-exception.filter.ts(9,33): error TS2307: Cannot find module '@nestjs/core' or its corresponding type declarations.
src/common/filters/global-exception.filter.ts(10,24): error TS2307: Cannot find module '@prisma/client' or its corresponding type declarations.
src/common/filters/global-exception.filter.ts(39,15): error TS18046: 'exception' is of type 'unknown'.
src/common/filters/global-exception.filter.ts(62,40): error TS18046: 'exception' is of type 'unknown'.
src/common/filters/prisma-exception.filter.ts(8,24): error TS2307: Cannot find module '@prisma/client' or its corresponding type declarations.
src/common/guards/base-resource.guard.ts(8,27): error TS2307: Cannot find module '@nestjs/core' or its corresponding type declarations.
src/common/guards/base-resource.guard.ts(10,28): error TS2307: Cannot find module '@prisma/client' or its corresponding type declarations.
src/common/guards/jwt-auth.guard.spec.ts(1,37): error TS2307: Cannot find module '@nestjs/testing' or its corresponding type declarations.
src/common/guards/jwt-auth.guard.spec.ts(3,27): error TS2307: Cannot find module '@nestjs/core' or its corresponding type declarations.
src/common/guards/jwt-auth.guard.spec.ts(5,28): error TS2307: Cannot find module '@nestjs/jwt' or its corresponding type declarations.
src/common/guards/jwt-auth.guard.spec.ts(7,1): error TS2582: Cannot find name 'describe'. Do you need to install type definitions for a test runner? Try `npm i --save-dev @types/jest` or `npm i --save-dev @types/mocha`.
src/common/guards/jwt-auth.guard.spec.ts(9,18): error TS2503: Cannot find namespace 'jest'.
src/common/guards/jwt-auth.guard.spec.ts(28,3): error TS2304: Cannot find name 'beforeEach'.
src/common/guards/jwt-auth.guard.spec.ts(30,26): error TS2304: Cannot find name 'jest'.
src/common/guards/jwt-auth.guard.spec.ts(41,53): error TS2503: Cannot find namespace 'jest'.
src/common/guards/jwt-auth.guard.spec.ts(44,3): error TS2582: Cannot find name 'it'. Do you need to install type definitions for a test runner? Try `npm i --save-dev @types/jest` or `npm i --save-dev @types/mocha`.
src/common/guards/jwt-auth.guard.spec.ts(45,5): error TS2304: Cannot find name 'expect'.
src/common/guards/jwt-auth.guard.spec.ts(48,3): error TS2582: Cannot find name 'describe'. Do you need to install type definitions for a test runner? Try `npm i --save-dev @types/jest` or `npm i --save-dev @types/mocha`.
src/common/guards/jwt-auth.guard.spec.ts(49,5): error TS2582: Cannot find name 'it'. Do you need to install type definitions for a test runner? Try `npm i --save-dev @types/jest` or `npm i --save-dev @types/mocha`.
src/common/guards/jwt-auth.guard.spec.ts(55,7): error TS2304: Cannot find name 'expect'.
src/common/guards/jwt-auth.guard.spec.ts(58,5): error TS2582: Cannot find name 'it'. Do you need to install type definitions for a test runner? Try `npm i --save-dev @types/jest` or `npm i --save-dev @types/mocha`.
src/common/guards/jwt-auth.guard.spec.ts(64,7): error TS2304: Cannot find name 'expect'.
src/common/guards/jwt-auth.guard.spec.ts(68,3): error TS2582: Cannot find name 'describe'. Do you need to install type definitions for a test runner? Try `npm i --save-dev @types/jest` or `npm i --save-dev @types/mocha`.
src/common/guards/jwt-auth.guard.spec.ts(69,5): error TS2582: Cannot find name 'it'. Do you need to install type definitions for a test runner? Try `npm i --save-dev @types/jest` or `npm i --save-dev @types/mocha`.
src/common/guards/jwt-auth.guard.spec.ts(74,7): error TS2304: Cannot find name 'expect'.
src/common/guards/jwt-auth.guard.spec.ts(77,5): error TS2582: Cannot find name 'it'. Do you need to install type definitions for a test runner? Try `npm i --save-dev @types/jest` or `npm i --save-dev @types/mocha`.
src/common/guards/jwt-auth.guard.spec.ts(78,7): error TS2304: Cannot find name 'expect'.
src/common/guards/jwt-auth.guard.spec.ts(83,5): error TS2582: Cannot find name 'it'. Do you need to install type definitions for a test runner? Try `npm i --save-dev @types/jest` or `npm i --save-dev @types/mocha`.
src/common/guards/jwt-auth.guard.spec.ts(86,7): error TS2304: Cannot find name 'expect'.
src/common/guards/jwt-auth.guard.ts(6,27): error TS2307: Cannot find module '@nestjs/core' or its corresponding type declarations.
src/common/guards/jwt-auth.guard.ts(7,27): error TS2307: Cannot find module '@nestjs/passport' or its corresponding type declarations.
src/common/guards/workspace.guard.ts(9,27): error TS2307: Cannot find module '@nestjs/core' or its corresponding type declarations.
src/common/guards/workspace.guard.ts(11,28): error TS2307: Cannot find module '@prisma/client' or its corresponding type declarations.
src/common/guards/ws-throttle.guard.spec.ts(7,29): error TS2307: Cannot find module '@nestjs/websockets' or its corresponding type declarations.
src/common/guards/ws-throttle.guard.spec.ts(9,1): error TS2582: Cannot find name 'describe'. Do you need to install type definitions for a test runner? Try `npm i --save-dev @types/jest` or `npm i --save-dev @types/mocha`.
src/common/guards/ws-throttle.guard.spec.ts(28,3): error TS2304: Cannot find name 'beforeEach'.
src/common/guards/ws-throttle.guard.spec.ts(33,3): error TS2582: Cannot find name 'it'. Do you need to install type definitions for a test runner? Try `npm i --save-dev @types/jest` or `npm i --save-dev @types/mocha`.
src/common/guards/ws-throttle.guard.spec.ts(34,5): error TS2304: Cannot find name 'expect'.
src/common/guards/ws-throttle.guard.spec.ts(37,3): error TS2582: Cannot find name 'describe'. Do you need to install type definitions for a test runner? Try `npm i --save-dev @types/jest` or `npm i --save-dev @types/mocha`.
src/common/guards/ws-throttle.guard.spec.ts(38,5): error TS2582: Cannot find name 'it'. Do you need to install type definitions for a test runner? Try `npm i --save-dev @types/jest` or `npm i --save-dev @types/mocha`.
src/common/guards/ws-throttle.guard.spec.ts(42,9): error TS2304: Cannot find name 'expect'.
src/common/guards/ws-throttle.guard.spec.ts(46,5): error TS2582: Cannot find name 'it'. Do you need to install type definitions for a test runner? Try `npm i --save-dev @types/jest` or `npm i --save-dev @types/mocha`.
src/common/guards/ws-throttle.guard.spec.ts(55,7): error TS2304: Cannot find name 'expect'.
src/common/guards/ws-throttle.guard.spec.ts(58,5): error TS2582: Cannot find name 'it'. Do you need to install type definitions for a test runner? Try `npm i --save-dev @types/jest` or `npm i --save-dev @types/mocha`.
src/common/guards/ws-throttle.guard.spec.ts(64,9): error TS2304: Cannot find name 'expect'.
src/common/guards/ws-throttle.guard.spec.ts(65,9): error TS2304: Cannot find name 'expect'.
src/common/guards/ws-throttle.guard.spec.ts(69,5): error TS2582: Cannot find name 'it'. Do you need to install type definitions for a test runner? Try `npm i --save-dev @types/jest` or `npm i --save-dev @types/mocha`.
src/common/guards/ws-throttle.guard.spec.ts(72,7): error TS2304: Cannot find name 'expect'.
src/common/guards/ws-throttle.guard.spec.ts(76,3): error TS2582: Cannot find name 'describe'. Do you need to install type definitions for a test runner? Try `npm i --save-dev @types/jest` or `npm i --save-dev @types/mocha`.
src/common/guards/ws-throttle.guard.spec.ts(77,5): error TS2582: Cannot find name 'it'. Do you need to install type definitions for a test runner? Try `npm i --save-dev @types/jest` or `npm i --save-dev @types/mocha`.
src/common/guards/ws-throttle.guard.spec.ts(89,7): error TS2304: Cannot find name 'expect'.
src/common/guards/ws-throttle.guard.spec.ts(95,7): error TS2304: Cannot find name 'expect'.
src/common/guards/ws-throttle.guard.spec.ts(100,1): error TS2582: Cannot find name 'describe'. Do you need to install type definitions for a test runner? Try `npm i --save-dev @types/jest` or `npm i --save-dev @types/mocha`.
src/common/guards/ws-throttle.guard.spec.ts(103,3): error TS2304: Cannot find name 'beforeEach'.
src/common/guards/ws-throttle.guard.spec.ts(107,3): error TS2582: Cannot find name 'it'. Do you need to install type definitions for a test runner? Try `npm i --save-dev @types/jest` or `npm i --save-dev @types/mocha`.
src/common/guards/ws-throttle.guard.spec.ts(108,5): error TS2304: Cannot find name 'expect'.
src/common/guards/ws-throttle.guard.spec.ts(109,5): error TS2304: Cannot find name 'expect'.
src/common/guards/ws-throttle.guard.spec.ts(113,1): error TS2582: Cannot find name 'describe'. Do you need to install type definitions for a test runner? Try `npm i --save-dev @types/jest` or `npm i --save-dev @types/mocha`.
src/common/guards/ws-throttle.guard.spec.ts(116,3): error TS2304: Cannot find name 'beforeEach'.
src/common/guards/ws-throttle.guard.spec.ts(120,3): error TS2582: Cannot find name 'it'. Do you need to install type definitions for a test runner? Try `npm i --save-dev @types/jest` or `npm i --save-dev @types/mocha`.
src/common/guards/ws-throttle.guard.spec.ts(121,5): error TS2304: Cannot find name 'expect'.
src/common/guards/ws-throttle.guard.spec.ts(122,5): error TS2304: Cannot find name 'expect'.
src/common/guards/ws-throttle.guard.ts(7,29): error TS2307: Cannot find module '@nestjs/websockets' or its corresponding type declarations.
src/common/guards/ws-throttle.guard.ts(8,24): error TS2307: Cannot find module 'socket.io' or its corresponding type declarations.
src/common/logger/logger.config.ts(4,8): error TS2307: Cannot find module 'nest-winston' or its corresponding type declarations.
src/common/logger/logger.config.ts(5,26): error TS2307: Cannot find module 'winston' or its corresponding type declarations.
src/config/config.module.ts(2,50): error TS2307: Cannot find module '@nestjs/config' or its corresponding type declarations.
src/config/env.validation.ts(1,33): error TS2307: Cannot find module 'class-transformer' or its corresponding type declarations.
src/config/env.validation.ts(11,8): error TS2307: Cannot find module 'class-validator' or its corresponding type declarations.
src/custom-fields/dto/custom-field.dto.ts(9,8): error TS2307: Cannot find module 'class-validator' or its corresponding type declarations.
src/database/prisma.service.ts(2,30): error TS2307: Cannot find module '@prisma/client' or its corresponding type declarations.
src/database/prisma.service.ts(3,26): error TS2307: Cannot find module '@prisma/adapter-pg' or its corresponding type declarations.
src/email/dto/send-email.dto.ts(7,8): error TS2307: Cannot find module 'class-validator' or its corresponding type declarations.
src/gamification/gamification.service.spec.ts(1,37): error TS2307: Cannot find module '@nestjs/testing' or its corresponding type declarations.
src/gamification/gamification.service.spec.ts(6,1): error TS2582: Cannot find name 'describe'. Do you need to install type definitions for a test runner? Try `npm i --save-dev @types/jest` or `npm i --save-dev @types/mocha`.
src/gamification/gamification.service.spec.ts(8,15): error TS2503: Cannot find namespace 'jest'.
src/gamification/gamification.service.spec.ts(11,13): error TS2304: Cannot find name 'jest'.
src/gamification/gamification.service.spec.ts(12,17): error TS2304: Cannot find name 'jest'.
src/gamification/gamification.service.spec.ts(13,17): error TS2304: Cannot find name 'jest'.
src/gamification/gamification.service.spec.ts(18,17): error TS2304: Cannot find name 'jest'.
src/gamification/gamification.service.spec.ts(19,19): error TS2304: Cannot find name 'jest'.
src/gamification/gamification.service.spec.ts(20,15): error TS2304: Cannot find name 'jest'.
src/gamification/gamification.service.spec.ts(23,17): error TS2304: Cannot find name 'jest'.
src/gamification/gamification.service.spec.ts(24,18): error TS2304: Cannot find name 'jest'.
src/gamification/gamification.service.spec.ts(25,19): error TS2304: Cannot find name 'jest'.
src/gamification/gamification.service.spec.ts(26,15): error TS2304: Cannot find name 'jest'.
src/gamification/gamification.service.spec.ts(27,14): error TS2304: Cannot find name 'jest'.
src/gamification/gamification.service.spec.ts(30,19): error TS2304: Cannot find name 'jest'.
src/gamification/gamification.service.spec.ts(31,15): error TS2304: Cannot find name 'jest'.
src/gamification/gamification.service.spec.ts(34,14): error TS2304: Cannot find name 'jest'.
src/gamification/gamification.service.spec.ts(37,18): error TS2304: Cannot find name 'jest'.
src/gamification/gamification.service.spec.ts(38,14): error TS2304: Cannot find name 'jest'.
src/gamification/gamification.service.spec.ts(41,17): error TS2304: Cannot find name 'jest'.
src/gamification/gamification.service.spec.ts(45,3): error TS2304: Cannot find name 'beforeEach'.
src/gamification/gamification.service.spec.ts(46,5): error TS2304: Cannot find name 'jest'.
src/gamification/gamification.service.spec.ts(59,10): error TS2503: Cannot find namespace 'jest'.
src/gamification/gamification.service.spec.ts(62,3): error TS2582: Cannot find name 'it'. Do you need to install type definitions for a test runner? Try `npm i --save-dev @types/jest` or `npm i --save-dev @types/mocha`.
src/gamification/gamification.service.spec.ts(63,5): error TS2304: Cannot find name 'expect'.
src/gamification/gamification.service.spec.ts(66,3): error TS2582: Cannot find name 'describe'. Do you need to install type definitions for a test runner? Try `npm i --save-dev @types/jest` or `npm i --save-dev @types/mocha`.
src/gamification/gamification.service.spec.ts(67,5): error TS2582: Cannot find name 'it'. Do you need to install type definitions for a test runner? Try `npm i --save-dev @types/jest` or `npm i --save-dev @types/mocha`.
src/gamification/gamification.service.spec.ts(69,7): error TS2304: Cannot find name 'expect'.
src/gamification/gamification.service.spec.ts(70,7): error TS2304: Cannot find name 'expect'.
src/gamification/gamification.service.spec.ts(71,7): error TS2304: Cannot find name 'expect'.
src/gamification/gamification.service.spec.ts(72,7): error TS2304: Cannot find name 'expect'.
src/gamification/gamification.service.spec.ts(76,3): error TS2582: Cannot find name 'describe'. Do you need to install type definitions for a test runner? Try `npm i --save-dev @types/jest` or `npm i --save-dev @types/mocha`.
src/gamification/gamification.service.spec.ts(77,5): error TS2582: Cannot find name 'it'. Do you need to install type definitions for a test runner? Try `npm i --save-dev @types/jest` or `npm i --save-dev @types/mocha`.
src/gamification/gamification.service.spec.ts(78,34): error TS2503: Cannot find namespace 'jest'.
src/gamification/gamification.service.spec.ts(82,30): error TS2503: Cannot find namespace 'jest'.
src/gamification/gamification.service.spec.ts(90,7): error TS2304: Cannot find name 'expect'.
src/gamification/gamification.service.spec.ts(94,7): error TS2304: Cannot find name 'expect'.
src/gamification/gamification.service.spec.ts(98,18): error TS2304: Cannot find name 'expect'.
src/gamification/gamification.service.spec.ts(103,5): error TS2582: Cannot find name 'it'. Do you need to install type definitions for a test runner? Try `npm i --save-dev @types/jest` or `npm i --save-dev @types/mocha`.
src/gamification/gamification.service.spec.ts(104,34): error TS2503: Cannot find namespace 'jest'.
src/gamification/gamification.service.spec.ts(108,30): error TS2503: Cannot find namespace 'jest'.
src/gamification/gamification.service.spec.ts(113,7): error TS2304: Cannot find name 'expect'.
src/gamification/gamification.service.spec.ts(116,5): error TS2582: Cannot find name 'it'. Do you need to install type definitions for a test runner? Try `npm i --save-dev @types/jest` or `npm i --save-dev @types/mocha`.
src/gamification/gamification.service.spec.ts(117,34): error TS2503: Cannot find namespace 'jest'.
src/gamification/gamification.service.spec.ts(119,13): error TS2304: Cannot find name 'expect'.
src/gamification/gamification.service.spec.ts(122,7): error TS2304: Cannot find name 'expect'.
src/gamification/gamification.service.spec.ts(126,3): error TS2582: Cannot find name 'describe'. Do you need to install type definitions for a test runner? Try `npm i --save-dev @types/jest` or `npm i --save-dev @types/mocha`.
src/gamification/gamification.service.spec.ts(127,5): error TS2582: Cannot find name 'it'. Do you need to install type definitions for a test runner? Try `npm i --save-dev @types/jest` or `npm i --save-dev @types/mocha`.
src/gamification/gamification.service.spec.ts(128,34): error TS2503: Cannot find namespace 'jest'.
src/gamification/gamification.service.spec.ts(132,30): error TS2503: Cannot find namespace 'jest'.
src/gamification/gamification.service.spec.ts(133,29): error TS2503: Cannot find namespace 'jest'.
src/gamification/gamification.service.spec.ts(134,41): error TS2503: Cannot find namespace 'jest'.
src/gamification/gamification.service.spec.ts(138,7): error TS2304: Cannot find name 'expect'.
src/gamification/gamification.service.spec.ts(142,3): error TS2582: Cannot find name 'describe'. Do you need to install type definitions for a test runner? Try `npm i --save-dev @types/jest` or `npm i --save-dev @types/mocha`.
src/gamification/gamification.service.spec.ts(143,5): error TS2582: Cannot find name 'it'. Do you need to install type definitions for a test runner? Try `npm i --save-dev @types/jest` or `npm i --save-dev @types/mocha`.
src/gamification/gamification.service.spec.ts(144,34): error TS2503: Cannot find namespace 'jest'.
src/gamification/gamification.service.spec.ts(148,30): error TS2503: Cannot find namespace 'jest'.
src/gamification/gamification.service.spec.ts(149,36): error TS2503: Cannot find namespace 'jest'.
src/gamification/gamification.service.spec.ts(150,41): error TS2503: Cannot find namespace 'jest'.
src/gamification/gamification.service.spec.ts(154,7): error TS2304: Cannot find name 'expect'.
src/gamification/gamification.service.ts(4,34): error TS2307: Cannot find module '@prisma/client' or its corresponding type declarations.
src/habits/dto/complete-habit.dto.ts(7,8): error TS2307: Cannot find module 'class-validator' or its corresponding type declarations.
src/habits/dto/create-habit.dto.ts(13,8): error TS2307: Cannot find module 'class-validator' or its corresponding type declarations.
src/habits/dto/update-habit.dto.ts(3,39): error TS2307: Cannot find module 'class-validator' or its corresponding type declarations.
src/habits/habits.service.ts(24,8): error TS2307: Cannot find module 'date-fns' or its corresponding type declarations.
src/main.ts(1,46): error TS2307: Cannot find module '@nestjs/core' or its corresponding type declarations.
src/main.ts(3,31): error TS2307: Cannot find module '@nestjs/config' or its corresponding type declarations.
src/main.ts(4,40): error TS2307: Cannot find module '@nestjs/platform-express' or its corresponding type declarations.
src/main.ts(6,31): error TS2307: Cannot find module 'nest-winston' or its corresponding type declarations.
src/main.ts(7,20): error TS2307: Cannot find module 'helmet' or its corresponding type declarations.
src/notifications/notifications.gateway.spec.ts(1,37): error TS2307: Cannot find module '@nestjs/testing' or its corresponding type declarations.
src/notifications/notifications.gateway.spec.ts(3,28): error TS2307: Cannot find module '@nestjs/jwt' or its corresponding type declarations.
src/notifications/notifications.gateway.spec.ts(4,32): error TS2307: Cannot find module 'socket.io' or its corresponding type declarations.
src/notifications/notifications.gateway.spec.ts(6,1): error TS2582: Cannot find name 'describe'. Do you need to install type definitions for a test runner? Try `npm i --save-dev @types/jest` or `npm i --save-dev @types/mocha`.
src/notifications/notifications.gateway.spec.ts(8,19): error TS2503: Cannot find namespace 'jest'.
src/notifications/notifications.gateway.spec.ts(11,9): error TS2304: Cannot find name 'jest'.
src/notifications/notifications.gateway.spec.ts(12,11): error TS2304: Cannot find name 'jest'.
src/notifications/notifications.gateway.spec.ts(23,13): error TS2304: Cannot find name 'jest'.
src/notifications/notifications.gateway.spec.ts(24,13): error TS2304: Cannot find name 'jest'.
src/notifications/notifications.gateway.spec.ts(25,19): error TS2304: Cannot find name 'jest'.
src/notifications/notifications.gateway.spec.ts(29,3): error TS2304: Cannot find name 'beforeEach'.
src/notifications/notifications.gateway.spec.ts(31,20): error TS2304: Cannot find name 'jest'.
src/notifications/notifications.gateway.spec.ts(42,56): error TS2503: Cannot find namespace 'jest'.
src/notifications/notifications.gateway.spec.ts(46,3): error TS2304: Cannot find name 'afterEach'.
src/notifications/notifications.gateway.spec.ts(47,5): error TS2304: Cannot find name 'jest'.
src/notifications/notifications.gateway.spec.ts(50,3): error TS2582: Cannot find name 'it'. Do you need to install type definitions for a test runner? Try `npm i --save-dev @types/jest` or `npm i --save-dev @types/mocha`.
src/notifications/notifications.gateway.spec.ts(51,5): error TS2304: Cannot find name 'expect'.
src/notifications/notifications.gateway.spec.ts(54,3): error TS2582: Cannot find name 'describe'. Do you need to install type definitions for a test runner? Try `npm i --save-dev @types/jest` or `npm i --save-dev @types/mocha`.
src/notifications/notifications.gateway.spec.ts(55,5): error TS2582: Cannot find name 'it'. Do you need to install type definitions for a test runner? Try `npm i --save-dev @types/jest` or `npm i --save-dev @types/mocha`.
src/notifications/notifications.gateway.spec.ts(61,7): error TS2304: Cannot find name 'expect'.
src/notifications/notifications.gateway.spec.ts(62,7): error TS2304: Cannot find name 'expect'.
src/notifications/notifications.gateway.spec.ts(63,7): error TS2304: Cannot find name 'expect'.
src/notifications/notifications.gateway.spec.ts(64,7): error TS2304: Cannot find name 'expect'.
src/notifications/notifications.gateway.spec.ts(66,9): error TS2304: Cannot find name 'expect'.
src/notifications/notifications.gateway.spec.ts(73,5): error TS2582: Cannot find name 'it'. Do you need to install type definitions for a test runner? Try `npm i --save-dev @types/jest` or `npm i --save-dev @types/mocha`.
src/notifications/notifications.gateway.spec.ts(78,7): error TS2304: Cannot find name 'expect'.
src/notifications/notifications.gateway.spec.ts(81,5): error TS2582: Cannot find name 'it'. Do you need to install type definitions for a test runner? Try `npm i --save-dev @types/jest` or `npm i --save-dev @types/mocha`.
src/notifications/notifications.gateway.spec.ts(87,7): error TS2304: Cannot find name 'expect'.
src/notifications/notifications.gateway.spec.ts(90,5): error TS2582: Cannot find name 'it'. Do you need to install type definitions for a test runner? Try `npm i --save-dev @types/jest` or `npm i --save-dev @types/mocha`.
src/notifications/notifications.gateway.spec.ts(98,15): error TS2304: Cannot find name 'jest'.
src/notifications/notifications.gateway.spec.ts(99,15): error TS2304: Cannot find name 'jest'.
src/notifications/notifications.gateway.spec.ts(100,21): error TS2304: Cannot find name 'jest'.
src/notifications/notifications.gateway.spec.ts(106,7): error TS2304: Cannot find name 'expect'.
src/notifications/notifications.gateway.spec.ts(110,3): error TS2582: Cannot find name 'describe'. Do you need to install type definitions for a test runner? Try `npm i --save-dev @types/jest` or `npm i --save-dev @types/mocha`.
src/notifications/notifications.gateway.spec.ts(111,5): error TS2582: Cannot find name 'it'. Do you need to install type definitions for a test runner? Try `npm i --save-dev @types/jest` or `npm i --save-dev @types/mocha`.
src/notifications/notifications.gateway.spec.ts(117,7): error TS2304: Cannot find name 'expect'.
src/notifications/notifications.gateway.spec.ts(121,7): error TS2304: Cannot find name 'expect'.
src/notifications/notifications.gateway.spec.ts(125,3): error TS2582: Cannot find name 'describe'. Do you need to install type definitions for a test runner? Try `npm i --save-dev @types/jest` or `npm i --save-dev @types/mocha`.
src/notifications/notifications.gateway.spec.ts(126,5): error TS2582: Cannot find name 'it'. Do you need to install type definitions for a test runner? Try `npm i --save-dev @types/jest` or `npm i --save-dev @types/mocha`.
src/notifications/notifications.gateway.spec.ts(136,7): error TS2304: Cannot find name 'expect'.
src/notifications/notifications.gateway.spec.ts(137,7): error TS2304: Cannot find name 'expect'.
src/notifications/notifications.gateway.spec.ts(144,3): error TS2582: Cannot find name 'describe'. Do you need to install type definitions for a test runner? Try `npm i --save-dev @types/jest` or `npm i --save-dev @types/mocha`.
src/notifications/notifications.gateway.spec.ts(145,5): error TS2582: Cannot find name 'it'. Do you need to install type definitions for a test runner? Try `npm i --save-dev @types/jest` or `npm i --save-dev @types/mocha`.
src/notifications/notifications.gateway.spec.ts(156,7): error TS2304: Cannot find name 'expect'.
src/notifications/notifications.gateway.spec.ts(157,7): error TS2304: Cannot find name 'expect'.
src/notifications/notifications.gateway.spec.ts(161,3): error TS2582: Cannot find name 'describe'. Do you need to install type definitions for a test runner? Try `npm i --save-dev @types/jest` or `npm i --save-dev @types/mocha`.
src/notifications/notifications.gateway.spec.ts(162,5): error TS2582: Cannot find name 'it'. Do you need to install type definitions for a test runner? Try `npm i --save-dev @types/jest` or `npm i --save-dev @types/mocha`.
src/notifications/notifications.gateway.spec.ts(172,7): error TS2304: Cannot find name 'expect'.
src/notifications/notifications.gateway.spec.ts(173,7): error TS2304: Cannot find name 'expect'.
src/notifications/notifications.gateway.spec.ts(177,3): error TS2582: Cannot find name 'describe'. Do you need to install type definitions for a test runner? Try `npm i --save-dev @types/jest` or `npm i --save-dev @types/mocha`.
src/notifications/notifications.gateway.spec.ts(178,5): error TS2582: Cannot find name 'it'. Do you need to install type definitions for a test runner? Try `npm i --save-dev @types/jest` or `npm i --save-dev @types/mocha`.
src/notifications/notifications.gateway.spec.ts(188,7): error TS2304: Cannot find name 'expect'.
src/notifications/notifications.gateway.spec.ts(189,7): error TS2304: Cannot find name 'expect'.
src/notifications/notifications.gateway.spec.ts(193,3): error TS2582: Cannot find name 'describe'. Do you need to install type definitions for a test runner? Try `npm i --save-dev @types/jest` or `npm i --save-dev @types/mocha`.
src/notifications/notifications.gateway.spec.ts(194,5): error TS2582: Cannot find name 'it'. Do you need to install type definitions for a test runner? Try `npm i --save-dev @types/jest` or `npm i --save-dev @types/mocha`.
src/notifications/notifications.gateway.spec.ts(197,7): error TS2304: Cannot find name 'expect'.
src/notifications/notifications.gateway.spec.ts(198,7): error TS2304: Cannot find name 'expect'.
src/notifications/notifications.gateway.spec.ts(204,3): error TS2582: Cannot find name 'describe'. Do you need to install type definitions for a test runner? Try `npm i --save-dev @types/jest` or `npm i --save-dev @types/mocha`.
src/notifications/notifications.gateway.spec.ts(205,5): error TS2582: Cannot find name 'it'. Do you need to install type definitions for a test runner? Try `npm i --save-dev @types/jest` or `npm i --save-dev @types/mocha`.
src/notifications/notifications.gateway.spec.ts(210,7): error TS2304: Cannot find name 'expect'.
src/notifications/notifications.gateway.spec.ts(214,3): error TS2582: Cannot find name 'describe'. Do you need to install type definitions for a test runner? Try `npm i --save-dev @types/jest` or `npm i --save-dev @types/mocha`.
src/notifications/notifications.gateway.spec.ts(215,5): error TS2582: Cannot find name 'it'. Do you need to install type definitions for a test runner? Try `npm i --save-dev @types/jest` or `npm i --save-dev @types/mocha`.
src/notifications/notifications.gateway.spec.ts(226,7): error TS2304: Cannot find name 'expect'.
src/notifications/notifications.gateway.spec.ts(229,5): error TS2582: Cannot find name 'it'. Do you need to install type definitions for a test runner? Try `npm i --save-dev @types/jest` or `npm i --save-dev @types/mocha`.
src/notifications/notifications.gateway.spec.ts(236,7): error TS2304: Cannot find name 'expect'.
src/notifications/notifications.gateway.spec.ts(239,5): error TS2582: Cannot find name 'it'. Do you need to install type definitions for a test runner? Try `npm i --save-dev @types/jest` or `npm i --save-dev @types/mocha`.
src/notifications/notifications.gateway.spec.ts(241,7): error TS2304: Cannot find name 'expect'.
src/notifications/notifications.gateway.ts(7,8): error TS2307: Cannot find module '@nestjs/websockets' or its corresponding type declarations.
src/notifications/notifications.gateway.ts(8,32): error TS2307: Cannot find module 'socket.io' or its corresponding type declarations.
src/notifications/notifications.gateway.ts(10,28): error TS2307: Cannot find module '@nestjs/jwt' or its corresponding type declarations.
src/notifications/notifications.module.ts(2,27): error TS2307: Cannot find module '@nestjs/jwt' or its corresponding type declarations.
src/notifications/notifications.module.ts(3,45): error TS2307: Cannot find module '@nestjs/config' or its corresponding type declarations.
src/notifications/notifications.service.spec.ts(1,37): error TS2307: Cannot find module '@nestjs/testing' or its corresponding type declarations.
src/notifications/notifications.service.spec.ts(4,48): error TS2307: Cannot find module '@prisma/client' or its corresponding type declarations.
src/notifications/notifications.service.spec.ts(6,1): error TS2582: Cannot find name 'describe'. Do you need to install type definitions for a test runner? Try `npm i --save-dev @types/jest` or `npm i --save-dev @types/mocha`.
src/notifications/notifications.service.spec.ts(12,15): error TS2304: Cannot find name 'jest'.
src/notifications/notifications.service.spec.ts(13,17): error TS2304: Cannot find name 'jest'.
src/notifications/notifications.service.spec.ts(14,14): error TS2304: Cannot find name 'jest'.
src/notifications/notifications.service.spec.ts(15,19): error TS2304: Cannot find name 'jest'.
src/notifications/notifications.service.spec.ts(19,3): error TS2304: Cannot find name 'beforeEach'.
src/notifications/notifications.service.spec.ts(34,3): error TS2304: Cannot find name 'afterEach'.
src/notifications/notifications.service.spec.ts(35,5): error TS2304: Cannot find name 'jest'.
src/notifications/notifications.service.spec.ts(38,3): error TS2582: Cannot find name 'describe'. Do you need to install type definitions for a test runner? Try `npm i --save-dev @types/jest` or `npm i --save-dev @types/mocha`.
src/notifications/notifications.service.spec.ts(39,5): error TS2582: Cannot find name 'it'. Do you need to install type definitions for a test runner? Try `npm i --save-dev @types/jest` or `npm i --save-dev @types/mocha`.
src/notifications/notifications.service.spec.ts(57,7): error TS2304: Cannot find name 'expect'.
src/notifications/notifications.service.spec.ts(60,7): error TS2304: Cannot find name 'expect'.
src/notifications/notifications.service.spec.ts(64,3): error TS2582: Cannot find name 'describe'. Do you need to install type definitions for a test runner? Try `npm i --save-dev @types/jest` or `npm i --save-dev @types/mocha`.
src/notifications/notifications.service.spec.ts(65,5): error TS2582: Cannot find name 'it'. Do you need to install type definitions for a test runner? Try `npm i --save-dev @types/jest` or `npm i --save-dev @types/mocha`.
src/notifications/notifications.service.spec.ts(76,7): error TS2304: Cannot find name 'expect'.
src/notifications/notifications.service.spec.ts(81,7): error TS2304: Cannot find name 'expect'.
src/notifications/notifications.service.spec.ts(85,3): error TS2582: Cannot find name 'describe'. Do you need to install type definitions for a test runner? Try `npm i --save-dev @types/jest` or `npm i --save-dev @types/mocha`.
src/notifications/notifications.service.spec.ts(86,5): error TS2582: Cannot find name 'it'. Do you need to install type definitions for a test runner? Try `npm i --save-dev @types/jest` or `npm i --save-dev @types/mocha`.
src/notifications/notifications.service.spec.ts(92,7): error TS2304: Cannot find name 'expect'.
src/notifications/notifications.service.spec.ts(95,7): error TS2304: Cannot find name 'expect'.
src/notifications/notifications.service.spec.ts(99,3): error TS2582: Cannot find name 'describe'. Do you need to install type definitions for a test runner? Try `npm i --save-dev @types/jest` or `npm i --save-dev @types/mocha`.
src/notifications/notifications.service.spec.ts(100,5): error TS2582: Cannot find name 'it'. Do you need to install type definitions for a test runner? Try `npm i --save-dev @types/jest` or `npm i --save-dev @types/mocha`.
src/notifications/notifications.service.spec.ts(108,7): error TS2304: Cannot find name 'expect'.
src/notifications/notifications.service.spec.ts(112,19): error TS2304: Cannot find name 'expect'.
src/notifications/notifications.service.spec.ts(115,7): error TS2304: Cannot find name 'expect'.
src/notifications/notifications.service.spec.ts(119,3): error TS2582: Cannot find name 'describe'. Do you need to install type definitions for a test runner? Try `npm i --save-dev @types/jest` or `npm i --save-dev @types/mocha`.
src/notifications/notifications.service.spec.ts(120,5): error TS2582: Cannot find name 'it'. Do you need to install type definitions for a test runner? Try `npm i --save-dev @types/jest` or `npm i --save-dev @types/mocha`.
src/notifications/notifications.service.spec.ts(127,7): error TS2304: Cannot find name 'expect'.
src/notifications/notifications.service.spec.ts(131,19): error TS2304: Cannot find name 'expect'.
src/notifications/notifications.service.spec.ts(134,7): error TS2304: Cannot find name 'expect'.
src/notifications/notifications.service.ts(3,48): error TS2307: Cannot find module '@prisma/client' or its corresponding type declarations.
src/notifications/smart-notifications.service.ts(2,38): error TS2307: Cannot find module '@nestjs/schedule' or its corresponding type declarations.
src/objectives/dto/create-key-result.dto.ts(9,8): error TS2307: Cannot find module 'class-validator' or its corresponding type declarations.
src/objectives/dto/create-objective.dto.ts(10,8): error TS2307: Cannot find module 'class-validator' or its corresponding type declarations.
src/objectives/dto/link-task.dto.ts(1,58): error TS2307: Cannot find module 'class-validator' or its corresponding type declarations.
src/objectives/dto/update-objective.dto.ts(2,56): error TS2307: Cannot find module 'class-validator' or its corresponding type declarations.
src/objectives/objectives.service.ts(25,8): error TS2307: Cannot find module 'date-fns' or its corresponding type declarations.
src/projects/dto/create-project.dto.ts(1,49): error TS2307: Cannot find module 'class-validator' or its corresponding type declarations.
src/projects/dto/update-project.dto.ts(1,59): error TS2307: Cannot find module 'class-validator' or its corresponding type declarations.
src/projects/projects.controller.ts(25,8): error TS2307: Cannot find module '@nestjs/swagger' or its corresponding type declarations.
src/projects/projects.controller.ts(26,28): error TS2307: Cannot find module '@prisma/client' or its corresponding type declarations.
src/projects/projects.service.spec.ts(1,37): error TS2307: Cannot find module '@nestjs/testing' or its corresponding type declarations.
src/projects/projects.service.spec.ts(4,1): error TS2582: Cannot find name 'describe'. Do you need to install type definitions for a test runner? Try `npm i --save-dev @types/jest` or `npm i --save-dev @types/mocha`.
src/projects/projects.service.spec.ts(8,24): error TS2304: Cannot find name 'jest'.
src/projects/projects.service.spec.ts(9,22): error TS2304: Cannot find name 'jest'.
src/projects/projects.service.spec.ts(10,15): error TS2304: Cannot find name 'jest'.
src/projects/projects.service.spec.ts(11,11): error TS2304: Cannot find name 'jest'.
src/projects/projects.service.spec.ts(12,13): error TS2304: Cannot find name 'jest'.
src/projects/projects.service.spec.ts(15,3): error TS2304: Cannot find name 'beforeEach'.
src/projects/projects.service.spec.ts(29,3): error TS2304: Cannot find name 'afterEach'.
src/projects/projects.service.spec.ts(30,5): error TS2304: Cannot find name 'jest'.
src/projects/projects.service.spec.ts(33,3): error TS2582: Cannot find name 'describe'. Do you need to install type definitions for a test runner? Try `npm i --save-dev @types/jest` or `npm i --save-dev @types/mocha`.
src/projects/projects.service.spec.ts(34,5): error TS2582: Cannot find name 'it'. Do you need to install type definitions for a test runner? Try `npm i --save-dev @types/jest` or `npm i --save-dev @types/mocha`.
src/projects/projects.service.spec.ts(57,7): error TS2304: Cannot find name 'expect'.
src/projects/projects.service.spec.ts(60,7): error TS2304: Cannot find name 'expect'.
src/projects/projects.service.spec.ts(61,7): error TS2304: Cannot find name 'expect'.
src/projects/projects.service.spec.ts(62,7): error TS2304: Cannot find name 'expect'.
src/projects/projects.service.spec.ts(65,5): error TS2582: Cannot find name 'it'. Do you need to install type definitions for a test runner? Try `npm i --save-dev @types/jest` or `npm i --save-dev @types/mocha`.
src/projects/projects.service.spec.ts(72,7): error TS2304: Cannot find name 'expect'.
src/projects/projects.service.spec.ts(76,3): error TS2582: Cannot find name 'describe'. Do you need to install type definitions for a test runner? Try `npm i --save-dev @types/jest` or `npm i --save-dev @types/mocha`.
src/projects/projects.service.spec.ts(77,5): error TS2582: Cannot find name 'it'. Do you need to install type definitions for a test runner? Try `npm i --save-dev @types/jest` or `npm i --save-dev @types/mocha`.
src/projects/projects.service.spec.ts(92,7): error TS2304: Cannot find name 'expect'.
src/projects/projects.service.spec.ts(95,7): error TS2304: Cannot find name 'expect'.
src/projects/projects.service.spec.ts(99,3): error TS2582: Cannot find name 'describe'. Do you need to install type definitions for a test runner? Try `npm i --save-dev @types/jest` or `npm i --save-dev @types/mocha`.
src/projects/projects.service.spec.ts(100,5): error TS2582: Cannot find name 'it'. Do you need to install type definitions for a test runner? Try `npm i --save-dev @types/jest` or `npm i --save-dev @types/mocha`.
src/projects/projects.service.spec.ts(114,7): error TS2304: Cannot find name 'expect'.
src/projects/projects.service.spec.ts(115,7): error TS2304: Cannot find name 'expect'.
src/projects/projects.service.spec.ts(118,5): error TS2582: Cannot find name 'it'. Do you need to install type definitions for a test runner? Try `npm i --save-dev @types/jest` or `npm i --save-dev @types/mocha`.
src/projects/projects.service.spec.ts(125,7): error TS2304: Cannot find name 'expect'.
src/projects/projects.service.ts(2,40): error TS2307: Cannot find module '@ordo-todo/core' or its corresponding type declarations.
src/projects/projects.service.ts(8,8): error TS2307: Cannot find module '@ordo-todo/core' or its corresponding type declarations.
src/repositories/ai-profile.repository.ts(2,54): error TS2307: Cannot find module '@prisma/client' or its corresponding type declarations.
src/repositories/ai-profile.repository.ts(3,48): error TS2307: Cannot find module '@ordo-todo/core' or its corresponding type declarations.
src/repositories/analytics.repository.ts(2,52): error TS2307: Cannot find module '@prisma/client' or its corresponding type declarations.
src/repositories/analytics.repository.ts(3,51): error TS2307: Cannot find module '@ordo-todo/core' or its corresponding type declarations.
src/repositories/productivity-report.repository.ts(5,8): error TS2307: Cannot find module '@prisma/client' or its corresponding type declarations.
src/repositories/productivity-report.repository.ts(10,8): error TS2307: Cannot find module '@ordo-todo/core' or its corresponding type declarations.
src/repositories/project.repository.ts(2,42): error TS2307: Cannot find module '@prisma/client' or its corresponding type declarations.
src/repositories/project.repository.ts(3,44): error TS2307: Cannot find module '@ordo-todo/core' or its corresponding type declarations.
src/repositories/tag.repository.ts(2,34): error TS2307: Cannot find module '@prisma/client' or its corresponding type declarations.
src/repositories/tag.repository.ts(3,36): error TS2307: Cannot find module '@ordo-todo/core' or its corresponding type declarations.
src/repositories/task.repository.ts(6,8): error TS2307: Cannot find module '@prisma/client' or its corresponding type declarations.
src/repositories/task.repository.ts(12,8): error TS2307: Cannot find module '@ordo-todo/core' or its corresponding type declarations.
src/repositories/timer.repository.spec.ts(1,37): error TS2307: Cannot find module '@nestjs/testing' or its corresponding type declarations.
src/repositories/timer.repository.spec.ts(4,29): error TS2307: Cannot find module '@ordo-todo/core' or its corresponding type declarations.
src/repositories/timer.repository.spec.ts(6,1): error TS2582: Cannot find name 'describe'. Do you need to install type definitions for a test runner? Try `npm i --save-dev @types/jest` or `npm i --save-dev @types/mocha`.
src/repositories/timer.repository.spec.ts(10,3): error TS2304: Cannot find name 'beforeEach'.
src/repositories/timer.repository.spec.ts(18,23): error TS2304: Cannot find name 'jest'.
src/repositories/timer.repository.spec.ts(19,23): error TS2304: Cannot find name 'jest'.
src/repositories/timer.repository.spec.ts(20,27): error TS2304: Cannot find name 'jest'.
src/repositories/timer.repository.spec.ts(21,26): error TS2304: Cannot find name 'jest'.
src/repositories/timer.repository.spec.ts(22,25): error TS2304: Cannot find name 'jest'.
src/repositories/timer.repository.spec.ts(33,3): error TS2582: Cannot find name 'it'. Do you need to install type definitions for a test runner? Try `npm i --save-dev @types/jest` or `npm i --save-dev @types/mocha`.
src/repositories/timer.repository.spec.ts(34,5): error TS2304: Cannot find name 'expect'.
src/repositories/timer.repository.spec.ts(37,3): error TS2582: Cannot find name 'it'. Do you need to install type definitions for a test runner? Try `npm i --save-dev @types/jest` or `npm i --save-dev @types/mocha`.
src/repositories/timer.repository.spec.ts(65,42): error TS2503: Cannot find namespace 'jest'.
src/repositories/timer.repository.spec.ts(71,5): error TS2304: Cannot find name 'expect'.
src/repositories/timer.repository.spec.ts(72,5): error TS2304: Cannot find name 'expect'.
src/repositories/timer.repository.spec.ts(73,7): error TS2304: Cannot find name 'expect'.
src/repositories/timer.repository.spec.ts(74,15): error TS2304: Cannot find name 'expect'.
src/repositories/timer.repository.ts(5,8): error TS2307: Cannot find module '@prisma/client' or its corresponding type declarations.
src/repositories/timer.repository.ts(14,8): error TS2307: Cannot find module '@ordo-todo/core' or its corresponding type declarations.
src/repositories/user.repository.ts(2,36): error TS2307: Cannot find module '@prisma/client' or its corresponding type declarations.
src/repositories/user.repository.ts(3,38): error TS2307: Cannot find module '@ordo-todo/core' or its corresponding type declarations.
src/repositories/workflow.repository.ts(2,46): error TS2307: Cannot find module '@ordo-todo/core' or its corresponding type declarations.
src/repositories/workspace-audit-log.repository.ts(2,62): error TS2307: Cannot find module '@prisma/client' or its corresponding type declarations.
src/repositories/workspace-audit-log.repository.ts(7,8): error TS2307: Cannot find module '@ordo-todo/core' or its corresponding type declarations.
src/repositories/workspace-invitation.repository.ts(6,8): error TS2307: Cannot find module '@prisma/client' or its corresponding type declarations.
src/repositories/workspace-invitation.repository.ts(12,8): error TS2307: Cannot find module '@ordo-todo/core' or its corresponding type declarations.
src/repositories/workspace-settings.repository.ts(5,8): error TS2307: Cannot find module '@prisma/client' or its corresponding type declarations.
src/repositories/workspace-settings.repository.ts(10,8): error TS2307: Cannot find module '@ordo-todo/core' or its corresponding type declarations.
src/repositories/workspace.repository.ts(8,8): error TS2307: Cannot find module '@prisma/client' or its corresponding type declarations.
src/repositories/workspace.repository.ts(16,8): error TS2307: Cannot find module '@ordo-todo/core' or its corresponding type declarations.
src/tags/dto/create-tag.dto.ts(1,49): error TS2307: Cannot find module 'class-validator' or its corresponding type declarations.
src/tags/tags.service.spec.ts(1,37): error TS2307: Cannot find module '@nestjs/testing' or its corresponding type declarations.
src/tags/tags.service.spec.ts(5,1): error TS2582: Cannot find name 'describe'. Do you need to install type definitions for a test runner? Try `npm i --save-dev @types/jest` or `npm i --save-dev @types/mocha`.
src/tags/tags.service.spec.ts(10,19): error TS2304: Cannot find name 'jest'.
src/tags/tags.service.spec.ts(11,15): error TS2304: Cannot find name 'jest'.
src/tags/tags.service.spec.ts(12,13): error TS2304: Cannot find name 'jest'.
src/tags/tags.service.spec.ts(13,13): error TS2304: Cannot find name 'jest'.
src/tags/tags.service.spec.ts(14,13): error TS2304: Cannot find name 'jest'.
src/tags/tags.service.spec.ts(15,19): error TS2304: Cannot find name 'jest'.
src/tags/tags.service.spec.ts(16,21): error TS2304: Cannot find name 'jest'.
src/tags/tags.service.spec.ts(21,17): error TS2304: Cannot find name 'jest'.
src/tags/tags.service.spec.ts(25,3): error TS2304: Cannot find name 'beforeEach'.
src/tags/tags.service.spec.ts(44,3): error TS2304: Cannot find name 'afterEach'.
src/tags/tags.service.spec.ts(45,5): error TS2304: Cannot find name 'jest'.
src/tags/tags.service.spec.ts(48,3): error TS2582: Cannot find name 'describe'. Do you need to install type definitions for a test runner? Try `npm i --save-dev @types/jest` or `npm i --save-dev @types/mocha`.
src/tags/tags.service.spec.ts(49,5): error TS2582: Cannot find name 'it'. Do you need to install type definitions for a test runner? Try `npm i --save-dev @types/jest` or `npm i --save-dev @types/mocha`.
src/tags/tags.service.spec.ts(74,7): error TS2304: Cannot find name 'expect'.
src/tags/tags.service.spec.ts(82,7): error TS2304: Cannot find name 'expect'.
src/tags/tags.service.spec.ts(83,7): error TS2304: Cannot find name 'expect'.
src/tags/tags.service.spec.ts(84,7): error TS2304: Cannot find name 'expect'.
src/tags/tags.service.spec.ts(87,5): error TS2582: Cannot find name 'it'. Do you need to install type definitions for a test runner? Try `npm i --save-dev @types/jest` or `npm i --save-dev @types/mocha`.
src/tags/tags.service.spec.ts(94,7): error TS2304: Cannot find name 'expect'.
src/tags/tags.service.spec.ts(98,3): error TS2582: Cannot find name 'describe'. Do you need to install type definitions for a test runner? Try `npm i --save-dev @types/jest` or `npm i --save-dev @types/mocha`.
src/tags/tags.service.spec.ts(99,5): error TS2582: Cannot find name 'it'. Do you need to install type definitions for a test runner? Try `npm i --save-dev @types/jest` or `npm i --save-dev @types/mocha`.
src/tags/tags.service.spec.ts(120,7): error TS2304: Cannot find name 'expect'.
src/tags/tags.service.spec.ts(121,7): error TS2304: Cannot find name 'expect'.
src/tags/tags.service.spec.ts(122,7): error TS2304: Cannot find name 'expect'.
src/tags/tags.service.spec.ts(123,7): error TS2304: Cannot find name 'expect'.
src/tags/tags.service.spec.ts(127,3): error TS2582: Cannot find name 'describe'. Do you need to install type definitions for a test runner? Try `npm i --save-dev @types/jest` or `npm i --save-dev @types/mocha`.
src/tags/tags.service.spec.ts(128,5): error TS2582: Cannot find name 'it'. Do you need to install type definitions for a test runner? Try `npm i --save-dev @types/jest` or `npm i --save-dev @types/mocha`.
src/tags/tags.service.spec.ts(136,7): error TS2304: Cannot find name 'expect'.
src/tags/tags.service.spec.ts(140,3): error TS2582: Cannot find name 'describe'. Do you need to install type definitions for a test runner? Try `npm i --save-dev @types/jest` or `npm i --save-dev @types/mocha`.
src/tags/tags.service.spec.ts(141,5): error TS2582: Cannot find name 'it'. Do you need to install type definitions for a test runner? Try `npm i --save-dev @types/jest` or `npm i --save-dev @types/mocha`.
src/tags/tags.service.spec.ts(149,7): error TS2304: Cannot find name 'expect'.
src/tags/tags.service.spec.ts(153,3): error TS2582: Cannot find name 'describe'. Do you need to install type definitions for a test runner? Try `npm i --save-dev @types/jest` or `npm i --save-dev @types/mocha`.
src/tags/tags.service.spec.ts(154,5): error TS2582: Cannot find name 'it'. Do you need to install type definitions for a test runner? Try `npm i --save-dev @types/jest` or `npm i --save-dev @types/mocha`.
src/tags/tags.service.spec.ts(161,7): error TS2304: Cannot find name 'expect'.
src/tags/tags.service.spec.ts(162,7): error TS2304: Cannot find name 'expect'.
src/tags/tags.service.ts(2,36): error TS2307: Cannot find module '@ordo-todo/core' or its corresponding type declarations.
src/tags/tags.service.ts(8,8): error TS2307: Cannot find module '@ordo-todo/core' or its corresponding type declarations.
src/tasks/dto/create-subtask.dto.ts(1,57): error TS2307: Cannot find module 'class-validator' or its corresponding type declarations.
src/tasks/dto/create-task.dto.ts(12,8): error TS2307: Cannot find module 'class-validator' or its corresponding type declarations.
src/tasks/dto/create-task.dto.ts(13,22): error TS2307: Cannot find module 'class-transformer' or its corresponding type declarations.
src/tasks/dto/update-task.dto.ts(9,8): error TS2307: Cannot find module 'class-validator' or its corresponding type declarations.
src/tasks/dto/update-task.dto.ts(10,22): error TS2307: Cannot find module 'class-transformer' or its corresponding type declarations.
src/tasks/tasks.controller.spec.ts(1,37): error TS2307: Cannot find module '@nestjs/testing' or its corresponding type declarations.
src/tasks/tasks.controller.spec.ts(8,1): error TS2582: Cannot find name 'describe'. Do you need to install type definitions for a test runner? Try `npm i --save-dev @types/jest` or `npm i --save-dev @types/mocha`.
src/tasks/tasks.controller.spec.ts(12,3): error TS2304: Cannot find name 'beforeEach'.
src/tasks/tasks.controller.spec.ts(19,21): error TS2304: Cannot find name 'jest'.
src/tasks/tasks.controller.spec.ts(20,22): error TS2304: Cannot find name 'jest'.
src/tasks/tasks.controller.spec.ts(21,22): error TS2304: Cannot find name 'jest'.
src/tasks/tasks.controller.spec.ts(22,21): error TS2304: Cannot find name 'jest'.
src/tasks/tasks.controller.spec.ts(23,21): error TS2304: Cannot find name 'jest'.
src/tasks/tasks.controller.spec.ts(24,23): error TS2304: Cannot find name 'jest'.
src/tasks/tasks.controller.spec.ts(46,3): error TS2582: Cannot find name 'it'. Do you need to install type definitions for a test runner? Try `npm i --save-dev @types/jest` or `npm i --save-dev @types/mocha`.
src/tasks/tasks.controller.spec.ts(47,5): error TS2304: Cannot find name 'expect'.
src/tasks/tasks.controller.spec.ts(50,3): error TS2582: Cannot find name 'describe'. Do you need to install type definitions for a test runner? Try `npm i --save-dev @types/jest` or `npm i --save-dev @types/mocha`.
src/tasks/tasks.controller.spec.ts(51,5): error TS2582: Cannot find name 'it'. Do you need to install type definitions for a test runner? Try `npm i --save-dev @types/jest` or `npm i --save-dev @types/mocha`.
src/tasks/tasks.controller.spec.ts(56,7): error TS2304: Cannot find name 'jest'.
src/tasks/tasks.controller.spec.ts(62,7): error TS2304: Cannot find name 'expect'.
src/tasks/tasks.controller.spec.ts(63,7): error TS2304: Cannot find name 'expect'.
src/tasks/tasks.controller.ts(18,28): error TS2307: Cannot find module '@prisma/client' or its corresponding type declarations.
src/tasks/tasks.service.spec.ts(1,37): error TS2307: Cannot find module '@nestjs/testing' or its corresponding type declarations.
src/tasks/tasks.service.spec.ts(9,1): error TS2582: Cannot find name 'describe'. Do you need to install type definitions for a test runner? Try `npm i --save-dev @types/jest` or `npm i --save-dev @types/mocha`.
src/tasks/tasks.service.spec.ts(15,20): error TS2304: Cannot find name 'jest'.
src/tasks/tasks.service.spec.ts(16,15): error TS2304: Cannot find name 'jest'.
src/tasks/tasks.service.spec.ts(17,11): error TS2304: Cannot find name 'jest'.
src/tasks/tasks.service.spec.ts(18,13): error TS2304: Cannot find name 'jest'.
src/tasks/tasks.service.spec.ts(22,17): error TS2304: Cannot find name 'jest'.
src/tasks/tasks.service.spec.ts(23,11): error TS2304: Cannot find name 'jest'.
src/tasks/tasks.service.spec.ts(28,19): error TS2304: Cannot find name 'jest'.
src/tasks/tasks.service.spec.ts(29,14): error TS2304: Cannot find name 'jest'.
src/tasks/tasks.service.spec.ts(34,21): error TS2304: Cannot find name 'jest'.
src/tasks/tasks.service.spec.ts(35,23): error TS2304: Cannot find name 'jest'.
src/tasks/tasks.service.spec.ts(36,26): error TS2304: Cannot find name 'jest'.
src/tasks/tasks.service.spec.ts(37,21): error TS2304: Cannot find name 'jest'.
src/tasks/tasks.service.spec.ts(38,23): error TS2304: Cannot find name 'jest'.
src/tasks/tasks.service.spec.ts(39,25): error TS2304: Cannot find name 'jest'.
src/tasks/tasks.service.spec.ts(40,24): error TS2304: Cannot find name 'jest'.
src/tasks/tasks.service.spec.ts(41,22): error TS2304: Cannot find name 'jest'.
src/tasks/tasks.service.spec.ts(45,13): error TS2304: Cannot find name 'jest'.
src/tasks/tasks.service.spec.ts(46,17): error TS2304: Cannot find name 'jest'.
src/tasks/tasks.service.spec.ts(47,15): error TS2304: Cannot find name 'jest'.
src/tasks/tasks.service.spec.ts(51,22): error TS2304: Cannot find name 'jest'.
src/tasks/tasks.service.spec.ts(52,25): error TS2304: Cannot find name 'jest'.
src/tasks/tasks.service.spec.ts(53,18): error TS2304: Cannot find name 'jest'.
src/tasks/tasks.service.spec.ts(56,3): error TS2304: Cannot find name 'beforeEach'.
src/tasks/tasks.service.spec.ts(92,3): error TS2304: Cannot find name 'afterEach'.
src/tasks/tasks.service.spec.ts(93,5): error TS2304: Cannot find name 'jest'.
src/tasks/tasks.service.spec.ts(96,3): error TS2582: Cannot find name 'describe'. Do you need to install type definitions for a test runner? Try `npm i --save-dev @types/jest` or `npm i --save-dev @types/mocha`.
src/tasks/tasks.service.spec.ts(97,5): error TS2582: Cannot find name 'it'. Do you need to install type definitions for a test runner? Try `npm i --save-dev @types/jest` or `npm i --save-dev @types/mocha`.
src/tasks/tasks.service.spec.ts(122,7): error TS2304: Cannot find name 'expect'.
src/tasks/tasks.service.spec.ts(126,7): error TS2304: Cannot find name 'expect'.
src/tasks/tasks.service.spec.ts(127,7): error TS2304: Cannot find name 'expect'.
src/tasks/tasks.service.spec.ts(130,5): error TS2582: Cannot find name 'it'. Do you need to install type definitions for a test runner? Try `npm i --save-dev @types/jest` or `npm i --save-dev @types/mocha`.
src/tasks/tasks.service.spec.ts(155,7): error TS2304: Cannot find name 'expect'.
src/tasks/tasks.service.spec.ts(156,7): error TS2304: Cannot find name 'expect'.
src/tasks/tasks.service.spec.ts(159,5): error TS2582: Cannot find name 'it'. Do you need to install type definitions for a test runner? Try `npm i --save-dev @types/jest` or `npm i --save-dev @types/mocha`.
src/tasks/tasks.service.spec.ts(167,7): error TS2304: Cannot find name 'expect'.
src/tasks/tasks.service.spec.ts(173,5): error TS2582: Cannot find name 'it'. Do you need to install type definitions for a test runner? Try `npm i --save-dev @types/jest` or `npm i --save-dev @types/mocha`.
src/tasks/tasks.service.spec.ts(181,7): error TS2304: Cannot find name 'expect'.
src/tasks/tasks.service.spec.ts(188,3): error TS2582: Cannot find name 'describe'. Do you need to install type definitions for a test runner? Try `npm i --save-dev @types/jest` or `npm i --save-dev @types/mocha`.
src/tasks/tasks.service.spec.ts(189,5): error TS2582: Cannot find name 'it'. Do you need to install type definitions for a test runner? Try `npm i --save-dev @types/jest` or `npm i --save-dev @types/mocha`.
src/tasks/tasks.service.spec.ts(203,7): error TS2304: Cannot find name 'expect'.
src/tasks/tasks.service.spec.ts(204,7): error TS2304: Cannot find name 'expect'.
src/tasks/tasks.service.spec.ts(205,7): error TS2304: Cannot find name 'expect'.
src/tasks/tasks.service.spec.ts(208,5): error TS2582: Cannot find name 'it'. Do you need to install type definitions for a test runner? Try `npm i --save-dev @types/jest` or `npm i --save-dev @types/mocha`.
src/tasks/tasks.service.spec.ts(213,13): error TS2304: Cannot find name 'expect'.
src/tasks/tasks.service.spec.ts(214,13): error TS2304: Cannot find name 'expect'.
src/tasks/tasks.service.spec.ts(217,5): error TS2582: Cannot find name 'it'. Do you need to install type definitions for a test runner? Try `npm i --save-dev @types/jest` or `npm i --save-dev @types/mocha`.
src/tasks/tasks.service.spec.ts(234,7): error TS2304: Cannot find name 'expect'.
src/tasks/tasks.service.spec.ts(235,7): error TS2304: Cannot find name 'expect'.
src/tasks/tasks.service.spec.ts(239,3): error TS2582: Cannot find name 'describe'. Do you need to install type definitions for a test runner? Try `npm i --save-dev @types/jest` or `npm i --save-dev @types/mocha`.
src/tasks/tasks.service.spec.ts(240,5): error TS2582: Cannot find name 'it'. Do you need to install type definitions for a test runner? Try `npm i --save-dev @types/jest` or `npm i --save-dev @types/mocha`.
src/tasks/tasks.service.spec.ts(263,7): error TS2304: Cannot find name 'expect'.
src/tasks/tasks.service.spec.ts(265,18): error TS2304: Cannot find name 'expect'.
src/tasks/tasks.service.spec.ts(267,21): error TS2304: Cannot find name 'expect'.
src/tasks/tasks.service.spec.ts(268,24): error TS2304: Cannot find name 'expect'.
src/tasks/tasks.service.spec.ts(269,23): error TS2304: Cannot find name 'expect'.
src/tasks/tasks.service.spec.ts(270,17): error TS2304: Cannot find name 'expect'.
src/tasks/tasks.service.spec.ts(273,7): error TS2304: Cannot find name 'expect'.
src/tasks/tasks.service.spec.ts(274,7): error TS2304: Cannot find name 'expect'.
src/tasks/tasks.service.spec.ts(275,7): error TS2304: Cannot find name 'expect'.
src/tasks/tasks.service.spec.ts(276,7): error TS2304: Cannot find name 'expect'.
src/tasks/tasks.service.spec.ts(279,5): error TS2582: Cannot find name 'it'. Do you need to install type definitions for a test runner? Try `npm i --save-dev @types/jest` or `npm i --save-dev @types/mocha`.
src/tasks/tasks.service.spec.ts(284,13): error TS2304: Cannot find name 'expect'.
src/tasks/tasks.service.spec.ts(290,3): error TS2582: Cannot find name 'describe'. Do you need to install type definitions for a test runner? Try `npm i --save-dev @types/jest` or `npm i --save-dev @types/mocha`.
src/tasks/tasks.service.spec.ts(291,5): error TS2582: Cannot find name 'it'. Do you need to install type definitions for a test runner? Try `npm i --save-dev @types/jest` or `npm i --save-dev @types/mocha`.
src/tasks/tasks.service.spec.ts(298,7): error TS2304: Cannot find name 'expect'.
src/tasks/tasks.service.spec.ts(299,7): error TS2304: Cannot find name 'expect'.
src/tasks/tasks.service.ts(9,58): error TS2307: Cannot find module '@ordo-todo/core' or its corresponding type declarations.
src/tasks/tasks.service.ts(14,8): error TS2307: Cannot find module '@ordo-todo/core' or its corresponding type declarations.
src/tasks/tasks.service.ts(21,48): error TS2307: Cannot find module '@prisma/client' or its corresponding type declarations.
src/templates/dto/template.dto.ts(9,8): error TS2307: Cannot find module 'class-validator' or its corresponding type declarations.
src/templates/dto/template.dto.ts(10,26): error TS2307: Cannot find module '@prisma/client' or its corresponding type declarations.
src/templates/templates.controller.spec.ts(1,37): error TS2307: Cannot find module '@nestjs/testing' or its corresponding type declarations.
src/templates/templates.controller.spec.ts(5,1): error TS2582: Cannot find name 'describe'. Do you need to install type definitions for a test runner? Try `npm i --save-dev @types/jest` or `npm i --save-dev @types/mocha`.
src/templates/templates.controller.spec.ts(7,25): error TS2503: Cannot find namespace 'jest'.
src/templates/templates.controller.spec.ts(11,3): error TS2304: Cannot find name 'beforeEach'.
src/templates/templates.controller.spec.ts(13,15): error TS2304: Cannot find name 'jest'.
src/templates/templates.controller.spec.ts(14,16): error TS2304: Cannot find name 'jest'.
src/templates/templates.controller.spec.ts(15,17): error TS2304: Cannot find name 'jest'.
src/templates/templates.controller.spec.ts(16,15): error TS2304: Cannot find name 'jest'.
src/templates/templates.controller.spec.ts(17,15): error TS2304: Cannot find name 'jest'.
src/templates/templates.controller.spec.ts(18,31): error TS2304: Cannot find name 'jest'.
src/templates/templates.controller.spec.ts(31,10): error TS2503: Cannot find namespace 'jest'.
src/templates/templates.controller.spec.ts(34,3): error TS2582: Cannot find name 'it'. Do you need to install type definitions for a test runner? Try `npm i --save-dev @types/jest` or `npm i --save-dev @types/mocha`.
src/templates/templates.controller.spec.ts(35,5): error TS2304: Cannot find name 'expect'.
src/templates/templates.controller.spec.ts(38,3): error TS2582: Cannot find name 'describe'. Do you need to install type definitions for a test runner? Try `npm i --save-dev @types/jest` or `npm i --save-dev @types/mocha`.
src/templates/templates.controller.spec.ts(39,5): error TS2582: Cannot find name 'it'. Do you need to install type definitions for a test runner? Try `npm i --save-dev @types/jest` or `npm i --save-dev @types/mocha`.
src/templates/templates.controller.spec.ts(56,57): error TS2554: Expected 1 arguments, but got 2.
src/templates/templates.controller.spec.ts(58,7): error TS2304: Cannot find name 'expect'.
src/templates/templates.controller.spec.ts(62,7): error TS2304: Cannot find name 'expect'.
src/templates/templates.controller.spec.ts(66,3): error TS2582: Cannot find name 'describe'. Do you need to install type definitions for a test runner? Try `npm i --save-dev @types/jest` or `npm i --save-dev @types/mocha`.
src/templates/templates.controller.spec.ts(67,5): error TS2582: Cannot find name 'it'. Do you need to install type definitions for a test runner? Try `npm i --save-dev @types/jest` or `npm i --save-dev @types/mocha`.
src/templates/templates.controller.spec.ts(74,47): error TS2345: Argument of type '{ id: string; email: string; name: string; }' is not assignable to parameter of type 'string'.
src/templates/templates.controller.spec.ts(76,7): error TS2304: Cannot find name 'expect'.
src/templates/templates.controller.spec.ts(77,7): error TS2304: Cannot find name 'expect'.
src/templates/templates.controller.spec.ts(81,3): error TS2582: Cannot find name 'describe'. Do you need to install type definitions for a test runner? Try `npm i --save-dev @types/jest` or `npm i --save-dev @types/mocha`.
src/templates/templates.controller.spec.ts(82,5): error TS2582: Cannot find name 'it'. Do you need to install type definitions for a test runner? Try `npm i --save-dev @types/jest` or `npm i --save-dev @types/mocha`.
src/templates/templates.controller.spec.ts(86,59): error TS2554: Expected 1 arguments, but got 2.
src/templates/templates.controller.spec.ts(88,7): error TS2304: Cannot find name 'expect'.
src/templates/templates.controller.spec.ts(92,7): error TS2304: Cannot find name 'expect'.
src/templates/templates.controller.spec.ts(96,3): error TS2582: Cannot find name 'describe'. Do you need to install type definitions for a test runner? Try `npm i --save-dev @types/jest` or `npm i --save-dev @types/mocha`.
src/templates/templates.controller.spec.ts(97,5): error TS2582: Cannot find name 'it'. Do you need to install type definitions for a test runner? Try `npm i --save-dev @types/jest` or `npm i --save-dev @types/mocha`.
src/templates/templates.controller.spec.ts(102,69): error TS2554: Expected 2 arguments, but got 3.
src/templates/templates.controller.spec.ts(104,7): error TS2304: Cannot find name 'expect'.
src/templates/templates.controller.spec.ts(109,7): error TS2304: Cannot find name 'expect'.
src/templates/templates.controller.spec.ts(113,3): error TS2582: Cannot find name 'describe'. Do you need to install type definitions for a test runner? Try `npm i --save-dev @types/jest` or `npm i --save-dev @types/mocha`.
src/templates/templates.controller.spec.ts(114,5): error TS2582: Cannot find name 'it'. Do you need to install type definitions for a test runner? Try `npm i --save-dev @types/jest` or `npm i --save-dev @types/mocha`.
src/templates/templates.controller.spec.ts(117,43): error TS2554: Expected 1 arguments, but got 2.
src/templates/templates.controller.spec.ts(119,7): error TS2304: Cannot find name 'expect'.
src/templates/templates.controller.spec.ts(126,3): error TS2582: Cannot find name 'describe'. Do you need to install type definitions for a test runner? Try `npm i --save-dev @types/jest` or `npm i --save-dev @types/mocha`.
src/templates/templates.controller.spec.ts(127,5): error TS2582: Cannot find name 'it'. Do you need to install type definitions for a test runner? Try `npm i --save-dev @types/jest` or `npm i --save-dev @types/mocha`.
src/templates/templates.controller.spec.ts(137,39): error TS2339: Property 'createTask' does not exist on type 'TemplatesController'.
src/templates/templates.controller.spec.ts(143,7): error TS2304: Cannot find name 'expect'.
src/templates/templates.controller.spec.ts(148,7): error TS2304: Cannot find name 'expect'.
src/timers/dto/get-sessions.dto.ts(9,8): error TS2307: Cannot find module 'class-validator' or its corresponding type declarations.
src/timers/dto/get-sessions.dto.ts(10,33): error TS2307: Cannot find module 'class-transformer' or its corresponding type declarations.
src/timers/dto/pause-timer.dto.ts(1,36): error TS2307: Cannot find module 'class-validator' or its corresponding type declarations.
src/timers/dto/pause-timer.dto.ts(2,22): error TS2307: Cannot find module 'class-transformer' or its corresponding type declarations.
src/timers/dto/resume-timer.dto.ts(1,24): error TS2307: Cannot find module 'class-validator' or its corresponding type declarations.
src/timers/dto/resume-timer.dto.ts(2,22): error TS2307: Cannot find module 'class-transformer' or its corresponding type declarations.
src/timers/dto/start-timer.dto.ts(1,57): error TS2307: Cannot find module 'class-validator' or its corresponding type declarations.
src/timers/dto/stop-timer.dto.ts(1,39): error TS2307: Cannot find module 'class-validator' or its corresponding type declarations.
src/timers/dto/switch-task.dto.ts(1,46): error TS2307: Cannot find module 'class-validator' or its corresponding type declarations.
src/timers/dto/timer-stats.dto.ts(1,42): error TS2307: Cannot find module 'class-validator' or its corresponding type declarations.
src/timers/timers.controller.spec.ts(1,37): error TS2307: Cannot find module '@nestjs/testing' or its corresponding type declarations.
src/timers/timers.controller.spec.ts(5,1): error TS2582: Cannot find name 'describe'. Do you need to install type definitions for a test runner? Try `npm i --save-dev @types/jest` or `npm i --save-dev @types/mocha`.
src/timers/timers.controller.spec.ts(7,22): error TS2503: Cannot find namespace 'jest'.
src/timers/timers.controller.spec.ts(11,3): error TS2304: Cannot find name 'beforeEach'.
src/timers/timers.controller.spec.ts(13,14): error TS2304: Cannot find name 'jest'.
src/timers/timers.controller.spec.ts(14,13): error TS2304: Cannot find name 'jest'.
src/timers/timers.controller.spec.ts(15,14): error TS2304: Cannot find name 'jest'.
src/timers/timers.controller.spec.ts(16,15): error TS2304: Cannot find name 'jest'.
src/timers/timers.controller.spec.ts(17,19): error TS2304: Cannot find name 'jest'.
src/timers/timers.controller.spec.ts(18,18): error TS2304: Cannot find name 'jest'.
src/timers/timers.controller.spec.ts(19,26): error TS2304: Cannot find name 'jest'.
src/timers/timers.controller.spec.ts(20,22): error TS2304: Cannot find name 'jest'.
src/timers/timers.controller.spec.ts(21,24): error TS2304: Cannot find name 'jest'.
src/timers/timers.controller.spec.ts(32,10): error TS2503: Cannot find namespace 'jest'.
src/timers/timers.controller.spec.ts(35,3): error TS2582: Cannot find name 'it'. Do you need to install type definitions for a test runner? Try `npm i --save-dev @types/jest` or `npm i --save-dev @types/mocha`.
src/timers/timers.controller.spec.ts(36,5): error TS2304: Cannot find name 'expect'.
src/timers/timers.controller.spec.ts(39,3): error TS2582: Cannot find name 'describe'. Do you need to install type definitions for a test runner? Try `npm i --save-dev @types/jest` or `npm i --save-dev @types/mocha`.
src/timers/timers.controller.spec.ts(40,5): error TS2582: Cannot find name 'it'. Do you need to install type definitions for a test runner? Try `npm i --save-dev @types/jest` or `npm i --save-dev @types/mocha`.
src/timers/timers.controller.spec.ts(45,57): error TS2345: Argument of type '{ id: string; email: string; name: string; }' is not assignable to parameter of type 'RequestUser'.
  Property 'username' is missing in type '{ id: string; email: string; name: string; }' but required in type 'RequestUser'.
src/timers/timers.controller.spec.ts(47,7): error TS2304: Cannot find name 'expect'.
src/timers/timers.controller.spec.ts(48,7): error TS2304: Cannot find name 'expect'.
src/timers/timers.controller.spec.ts(52,3): error TS2582: Cannot find name 'describe'. Do you need to install type definitions for a test runner? Try `npm i --save-dev @types/jest` or `npm i --save-dev @types/mocha`.
src/timers/timers.controller.spec.ts(53,5): error TS2582: Cannot find name 'it'. Do you need to install type definitions for a test runner? Try `npm i --save-dev @types/jest` or `npm i --save-dev @types/mocha`.
src/timers/timers.controller.spec.ts(57,49): error TS2345: Argument of type '{ id: string; email: string; name: string; }' is not assignable to parameter of type 'RequestUser'.
  Property 'username' is missing in type '{ id: string; email: string; name: string; }' but required in type 'RequestUser'.
src/timers/timers.controller.spec.ts(59,7): error TS2304: Cannot find name 'expect'.
src/timers/timers.controller.spec.ts(60,7): error TS2304: Cannot find name 'expect'.
src/timers/timers.controller.spec.ts(63,5): error TS2582: Cannot find name 'it'. Do you need to install type definitions for a test runner? Try `npm i --save-dev @types/jest` or `npm i --save-dev @types/mocha`.
src/timers/timers.controller.spec.ts(66,49): error TS2345: Argument of type '{ id: string; email: string; name: string; }' is not assignable to parameter of type 'RequestUser'.
  Property 'username' is missing in type '{ id: string; email: string; name: string; }' but required in type 'RequestUser'.
src/timers/timers.controller.spec.ts(68,7): error TS2304: Cannot find name 'expect'.
src/timers/timers.controller.spec.ts(72,3): error TS2582: Cannot find name 'describe'. Do you need to install type definitions for a test runner? Try `npm i --save-dev @types/jest` or `npm i --save-dev @types/mocha`.
src/timers/timers.controller.spec.ts(73,5): error TS2582: Cannot find name 'it'. Do you need to install type definitions for a test runner? Try `npm i --save-dev @types/jest` or `npm i --save-dev @types/mocha`.
src/timers/timers.controller.spec.ts(82,56): error TS2345: Argument of type '{ id: string; email: string; name: string; }' is not assignable to parameter of type 'RequestUser'.
  Property 'username' is missing in type '{ id: string; email: string; name: string; }' but required in type 'RequestUser'.
src/timers/timers.controller.spec.ts(84,7): error TS2304: Cannot find name 'expect'.
src/timers/timers.controller.spec.ts(85,7): error TS2304: Cannot find name 'expect'.
src/timers/timers.controller.spec.ts(89,3): error TS2582: Cannot find name 'describe'. Do you need to install type definitions for a test runner? Try `npm i --save-dev @types/jest` or `npm i --save-dev @types/mocha`.
src/timers/timers.controller.spec.ts(90,5): error TS2582: Cannot find name 'it'. Do you need to install type definitions for a test runner? Try `npm i --save-dev @types/jest` or `npm i --save-dev @types/mocha`.
src/timers/timers.controller.spec.ts(95,57): error TS2345: Argument of type '{ id: string; email: string; name: string; }' is not assignable to parameter of type 'RequestUser'.
  Property 'username' is missing in type '{ id: string; email: string; name: string; }' but required in type 'RequestUser'.
src/timers/timers.controller.spec.ts(97,7): error TS2304: Cannot find name 'expect'.
src/timers/timers.controller.spec.ts(98,7): error TS2304: Cannot find name 'expect'.
src/timers/timers.controller.spec.ts(102,3): error TS2582: Cannot find name 'describe'. Do you need to install type definitions for a test runner? Try `npm i --save-dev @types/jest` or `npm i --save-dev @types/mocha`.
src/timers/timers.controller.spec.ts(103,5): error TS2582: Cannot find name 'it'. Do you need to install type definitions for a test runner? Try `npm i --save-dev @types/jest` or `npm i --save-dev @types/mocha`.
src/timers/timers.controller.spec.ts(108,58): error TS2345: Argument of type '{ id: string; email: string; name: string; }' is not assignable to parameter of type 'RequestUser'.
  Property 'username' is missing in type '{ id: string; email: string; name: string; }' but required in type 'RequestUser'.
src/timers/timers.controller.spec.ts(110,7): error TS2304: Cannot find name 'expect'.
src/timers/timers.controller.spec.ts(111,7): error TS2304: Cannot find name 'expect'.
src/timers/timers.controller.spec.ts(115,3): error TS2582: Cannot find name 'describe'. Do you need to install type definitions for a test runner? Try `npm i --save-dev @types/jest` or `npm i --save-dev @types/mocha`.
src/timers/timers.controller.spec.ts(116,5): error TS2582: Cannot find name 'it'. Do you need to install type definitions for a test runner? Try `npm i --save-dev @types/jest` or `npm i --save-dev @types/mocha`.
src/timers/timers.controller.spec.ts(124,62): error TS2345: Argument of type '{ id: string; email: string; name: string; }' is not assignable to parameter of type 'RequestUser'.
  Property 'username' is missing in type '{ id: string; email: string; name: string; }' but required in type 'RequestUser'.
src/timers/timers.controller.spec.ts(126,7): error TS2304: Cannot find name 'expect'.
src/timers/timers.controller.spec.ts(130,7): error TS2304: Cannot find name 'expect'.
src/timers/timers.controller.spec.ts(134,3): error TS2582: Cannot find name 'describe'. Do you need to install type definitions for a test runner? Try `npm i --save-dev @types/jest` or `npm i --save-dev @types/mocha`.
src/timers/timers.controller.spec.ts(135,5): error TS2582: Cannot find name 'it'. Do you need to install type definitions for a test runner? Try `npm i --save-dev @types/jest` or `npm i --save-dev @types/mocha`.
src/timers/timers.controller.spec.ts(145,60): error TS2345: Argument of type '{ id: string; email: string; name: string; }' is not assignable to parameter of type 'RequestUser'.
  Property 'username' is missing in type '{ id: string; email: string; name: string; }' but required in type 'RequestUser'.
src/timers/timers.controller.spec.ts(147,7): error TS2304: Cannot find name 'expect'.
src/timers/timers.controller.spec.ts(151,7): error TS2304: Cannot find name 'expect'.
src/timers/timers.controller.spec.ts(155,3): error TS2582: Cannot find name 'describe'. Do you need to install type definitions for a test runner? Try `npm i --save-dev @types/jest` or `npm i --save-dev @types/mocha`.
src/timers/timers.controller.spec.ts(156,5): error TS2582: Cannot find name 'it'. Do you need to install type definitions for a test runner? Try `npm i --save-dev @types/jest` or `npm i --save-dev @types/mocha`.
src/timers/timers.controller.spec.ts(161,63): error TS2345: Argument of type '{ id: string; email: string; name: string; }' is not assignable to parameter of type 'RequestUser'.
  Property 'username' is missing in type '{ id: string; email: string; name: string; }' but required in type 'RequestUser'.
src/timers/timers.controller.spec.ts(163,7): error TS2304: Cannot find name 'expect'.
src/timers/timers.controller.spec.ts(167,7): error TS2304: Cannot find name 'expect'.
src/timers/timers.service.ts(8,8): error TS2307: Cannot find module '@ordo-todo/core' or its corresponding type declarations.
src/timers/timers.service.ts(18,8): error TS2307: Cannot find module '@ordo-todo/core' or its corresponding type declarations.
src/upload/upload.controller.ts(10,33): error TS2307: Cannot find module '@nestjs/platform-express' or its corresponding type declarations.
src/upload/upload.controller.ts(11,29): error TS2307: Cannot find module 'multer' or its corresponding type declarations.
src/upload/upload.controller.ts(61,36): error TS2503: Cannot find namespace 'Express'.
src/upload/upload.module.ts(2,30): error TS2307: Cannot find module '@nestjs/platform-express' or its corresponding type declarations.
src/users/dto/update-preferences.dto.ts(8,8): error TS2307: Cannot find module 'class-validator' or its corresponding type declarations.
src/users/dto/update-profile.dto.ts(8,8): error TS2307: Cannot find module 'class-validator' or its corresponding type declarations.
src/users/users.controller.spec.ts(1,37): error TS2307: Cannot find module '@nestjs/testing' or its corresponding type declarations.
src/users/users.controller.spec.ts(5,1): error TS2582: Cannot find name 'describe'. Do you need to install type definitions for a test runner? Try `npm i --save-dev @types/jest` or `npm i --save-dev @types/mocha`.
src/users/users.controller.spec.ts(7,21): error TS2503: Cannot find namespace 'jest'.
src/users/users.controller.spec.ts(16,3): error TS2304: Cannot find name 'beforeEach'.
src/users/users.controller.spec.ts(18,14): error TS2304: Cannot find name 'jest'.
src/users/users.controller.spec.ts(19,23): error TS2304: Cannot find name 'jest'.
src/users/users.controller.spec.ts(20,22): error TS2304: Cannot find name 'jest'.
src/users/users.controller.spec.ts(21,26): error TS2304: Cannot find name 'jest'.
src/users/users.controller.spec.ts(22,24): error TS2304: Cannot find name 'jest'.
src/users/users.controller.spec.ts(23,19): error TS2304: Cannot find name 'jest'.
src/users/users.controller.spec.ts(24,22): error TS2304: Cannot find name 'jest'.
src/users/users.controller.spec.ts(35,10): error TS2503: Cannot find namespace 'jest'.
src/users/users.controller.spec.ts(38,3): error TS2582: Cannot find name 'it'. Do you need to install type definitions for a test runner? Try `npm i --save-dev @types/jest` or `npm i --save-dev @types/mocha`.
src/users/users.controller.spec.ts(39,5): error TS2304: Cannot find name 'expect'.
src/users/users.controller.spec.ts(42,3): error TS2582: Cannot find name 'describe'. Do you need to install type definitions for a test runner? Try `npm i --save-dev @types/jest` or `npm i --save-dev @types/mocha`.
src/users/users.controller.spec.ts(43,5): error TS2582: Cannot find name 'it'. Do you need to install type definitions for a test runner? Try `npm i --save-dev @types/jest` or `npm i --save-dev @types/mocha`.
src/users/users.controller.spec.ts(54,7): error TS2304: Cannot find name 'expect'.
src/users/users.controller.spec.ts(55,7): error TS2304: Cannot find name 'expect'.
src/users/users.controller.spec.ts(59,3): error TS2582: Cannot find name 'describe'. Do you need to install type definitions for a test runner? Try `npm i --save-dev @types/jest` or `npm i --save-dev @types/mocha`.
src/users/users.controller.spec.ts(60,5): error TS2582: Cannot find name 'it'. Do you need to install type definitions for a test runner? Try `npm i --save-dev @types/jest` or `npm i --save-dev @types/mocha`.
src/users/users.controller.spec.ts(73,7): error TS2304: Cannot find name 'expect'.
src/users/users.controller.spec.ts(74,7): error TS2304: Cannot find name 'expect'.
src/users/users.controller.spec.ts(78,3): error TS2582: Cannot find name 'describe'. Do you need to install type definitions for a test runner? Try `npm i --save-dev @types/jest` or `npm i --save-dev @types/mocha`.
src/users/users.controller.spec.ts(79,5): error TS2582: Cannot find name 'it'. Do you need to install type definitions for a test runner? Try `npm i --save-dev @types/jest` or `npm i --save-dev @types/mocha`.
src/users/users.controller.spec.ts(89,7): error TS2304: Cannot find name 'expect'.
src/users/users.controller.spec.ts(93,7): error TS2304: Cannot find name 'expect'.
src/users/users.controller.spec.ts(97,3): error TS2582: Cannot find name 'describe'. Do you need to install type definitions for a test runner? Try `npm i --save-dev @types/jest` or `npm i --save-dev @types/mocha`.
src/users/users.controller.spec.ts(98,5): error TS2582: Cannot find name 'it'. Do you need to install type definitions for a test runner? Try `npm i --save-dev @types/jest` or `npm i --save-dev @types/mocha`.
src/users/users.controller.spec.ts(111,7): error TS2304: Cannot find name 'expect'.
src/users/users.controller.spec.ts(112,7): error TS2304: Cannot find name 'expect'.
src/users/users.controller.spec.ts(116,3): error TS2582: Cannot find name 'describe'. Do you need to install type definitions for a test runner? Try `npm i --save-dev @types/jest` or `npm i --save-dev @types/mocha`.
src/users/users.controller.spec.ts(117,5): error TS2582: Cannot find name 'it'. Do you need to install type definitions for a test runner? Try `npm i --save-dev @types/jest` or `npm i --save-dev @types/mocha`.
src/users/users.controller.spec.ts(132,7): error TS2304: Cannot find name 'expect'.
src/users/users.controller.spec.ts(136,7): error TS2304: Cannot find name 'expect'.
src/users/users.controller.spec.ts(140,3): error TS2582: Cannot find name 'describe'. Do you need to install type definitions for a test runner? Try `npm i --save-dev @types/jest` or `npm i --save-dev @types/mocha`.
src/users/users.controller.spec.ts(141,5): error TS2582: Cannot find name 'it'. Do you need to install type definitions for a test runner? Try `npm i --save-dev @types/jest` or `npm i --save-dev @types/mocha`.
src/users/users.controller.spec.ts(149,7): error TS2304: Cannot find name 'expect'.
src/users/users.controller.spec.ts(150,7): error TS2304: Cannot find name 'expect'.
src/users/users.controller.spec.ts(154,3): error TS2582: Cannot find name 'describe'. Do you need to install type definitions for a test runner? Try `npm i --save-dev @types/jest` or `npm i --save-dev @types/mocha`.
src/users/users.controller.spec.ts(155,5): error TS2582: Cannot find name 'it'. Do you need to install type definitions for a test runner? Try `npm i --save-dev @types/jest` or `npm i --save-dev @types/mocha`.
src/users/users.controller.spec.ts(160,7): error TS2304: Cannot find name 'expect'.
src/users/users.service.ts(7,37): error TS2307: Cannot find module '@ordo-todo/core' or its corresponding type declarations.
src/users/users.service.ts(8,45): error TS2307: Cannot find module '@ordo-todo/core' or its corresponding type declarations.
src/workflows/dto/create-workflow.dto.ts(1,49): error TS2307: Cannot find module 'class-validator' or its corresponding type declarations.
src/workflows/dto/update-workflow.dto.ts(1,48): error TS2307: Cannot find module 'class-validator' or its corresponding type declarations.
src/workflows/workflows.controller.spec.ts(1,37): error TS2307: Cannot find module '@nestjs/testing' or its corresponding type declarations.
src/workflows/workflows.controller.spec.ts(5,1): error TS2582: Cannot find name 'describe'. Do you need to install type definitions for a test runner? Try `npm i --save-dev @types/jest` or `npm i --save-dev @types/mocha`.
src/workflows/workflows.controller.spec.ts(7,25): error TS2503: Cannot find namespace 'jest'.
src/workflows/workflows.controller.spec.ts(11,3): error TS2304: Cannot find name 'beforeEach'.
src/workflows/workflows.controller.spec.ts(13,15): error TS2304: Cannot find name 'jest'.
src/workflows/workflows.controller.spec.ts(14,16): error TS2304: Cannot find name 'jest'.
src/workflows/workflows.controller.spec.ts(15,17): error TS2304: Cannot find name 'jest'.
src/workflows/workflows.controller.spec.ts(16,15): error TS2304: Cannot find name 'jest'.
src/workflows/workflows.controller.spec.ts(17,15): error TS2304: Cannot find name 'jest'.
src/workflows/workflows.controller.spec.ts(18,16): error TS2304: Cannot find name 'jest'.
src/workflows/workflows.controller.spec.ts(31,10): error TS2503: Cannot find namespace 'jest'.
src/workflows/workflows.controller.spec.ts(34,3): error TS2582: Cannot find name 'it'. Do you need to install type definitions for a test runner? Try `npm i --save-dev @types/jest` or `npm i --save-dev @types/mocha`.
src/workflows/workflows.controller.spec.ts(35,5): error TS2304: Cannot find name 'expect'.
src/workflows/workflows.controller.spec.ts(38,3): error TS2582: Cannot find name 'describe'. Do you need to install type definitions for a test runner? Try `npm i --save-dev @types/jest` or `npm i --save-dev @types/mocha`.
src/workflows/workflows.controller.spec.ts(39,5): error TS2582: Cannot find name 'it'. Do you need to install type definitions for a test runner? Try `npm i --save-dev @types/jest` or `npm i --save-dev @types/mocha`.
src/workflows/workflows.controller.spec.ts(52,57): error TS2554: Expected 1 arguments, but got 2.
src/workflows/workflows.controller.spec.ts(54,7): error TS2304: Cannot find name 'expect'.
src/workflows/workflows.controller.spec.ts(58,7): error TS2304: Cannot find name 'expect'.
src/workflows/workflows.controller.spec.ts(62,3): error TS2582: Cannot find name 'describe'. Do you need to install type definitions for a test runner? Try `npm i --save-dev @types/jest` or `npm i --save-dev @types/mocha`.
src/workflows/workflows.controller.spec.ts(63,5): error TS2582: Cannot find name 'it'. Do you need to install type definitions for a test runner? Try `npm i --save-dev @types/jest` or `npm i --save-dev @types/mocha`.
src/workflows/workflows.controller.spec.ts(70,57): error TS2554: Expected 1 arguments, but got 2.
src/workflows/workflows.controller.spec.ts(72,7): error TS2304: Cannot find name 'expect'.
src/workflows/workflows.controller.spec.ts(76,7): error TS2304: Cannot find name 'expect'.
src/workflows/workflows.controller.spec.ts(80,3): error TS2582: Cannot find name 'describe'. Do you need to install type definitions for a test runner? Try `npm i --save-dev @types/jest` or `npm i --save-dev @types/mocha`.
src/workflows/workflows.controller.spec.ts(81,5): error TS2582: Cannot find name 'it'. Do you need to install type definitions for a test runner? Try `npm i --save-dev @types/jest` or `npm i --save-dev @types/mocha`.
src/workflows/workflows.controller.spec.ts(85,39): error TS2339: Property 'findOne' does not exist on type 'WorkflowsController'.
src/workflows/workflows.controller.spec.ts(87,7): error TS2304: Cannot find name 'expect'.
src/workflows/workflows.controller.spec.ts(91,7): error TS2304: Cannot find name 'expect'.
src/workflows/workflows.controller.spec.ts(95,3): error TS2582: Cannot find name 'describe'. Do you need to install type definitions for a test runner? Try `npm i --save-dev @types/jest` or `npm i --save-dev @types/mocha`.
src/workflows/workflows.controller.spec.ts(96,5): error TS2582: Cannot find name 'it'. Do you need to install type definitions for a test runner? Try `npm i --save-dev @types/jest` or `npm i --save-dev @types/mocha`.
src/workflows/workflows.controller.spec.ts(101,67): error TS2554: Expected 2 arguments, but got 3.
src/workflows/workflows.controller.spec.ts(103,7): error TS2304: Cannot find name 'expect'.
src/workflows/workflows.controller.spec.ts(108,7): error TS2304: Cannot find name 'expect'.
src/workflows/workflows.controller.spec.ts(112,3): error TS2582: Cannot find name 'describe'. Do you need to install type definitions for a test runner? Try `npm i --save-dev @types/jest` or `npm i --save-dev @types/mocha`.
src/workflows/workflows.controller.spec.ts(113,5): error TS2582: Cannot find name 'it'. Do you need to install type definitions for a test runner? Try `npm i --save-dev @types/jest` or `npm i --save-dev @types/mocha`.
src/workflows/workflows.controller.spec.ts(116,41): error TS2554: Expected 1 arguments, but got 2.
src/workflows/workflows.controller.spec.ts(118,7): error TS2304: Cannot find name 'expect'.
src/workflows/workflows.controller.spec.ts(125,3): error TS2582: Cannot find name 'describe'. Do you need to install type definitions for a test runner? Try `npm i --save-dev @types/jest` or `npm i --save-dev @types/mocha`.
src/workflows/workflows.controller.spec.ts(126,5): error TS2582: Cannot find name 'it'. Do you need to install type definitions for a test runner? Try `npm i --save-dev @types/jest` or `npm i --save-dev @types/mocha`.
src/workflows/workflows.controller.spec.ts(137,39): error TS2339: Property 'reorder' does not exist on type 'WorkflowsController'.
src/workflows/workflows.controller.spec.ts(139,7): error TS2304: Cannot find name 'expect'.
src/workflows/workflows.controller.spec.ts(144,7): error TS2304: Cannot find name 'expect'.
src/workflows/workflows.service.ts(2,41): error TS2307: Cannot find module '@ordo-todo/core' or its corresponding type declarations.
src/workflows/workflows.service.ts(8,8): error TS2307: Cannot find module '@ordo-todo/core' or its corresponding type declarations.
src/workspaces/dto/accept-invitation.dto.ts(1,26): error TS2307: Cannot find module 'class-validator' or its corresponding type declarations.
src/workspaces/dto/add-member.dto.ts(1,57): error TS2307: Cannot find module 'class-validator' or its corresponding type declarations.
src/workspaces/dto/create-workspace.dto.ts(1,57): error TS2307: Cannot find module 'class-validator' or its corresponding type declarations.
src/workspaces/dto/invite-member.dto.ts(1,55): error TS2307: Cannot find module 'class-validator' or its corresponding type declarations.
src/workspaces/dto/update-workspace-settings.dto.ts(1,51): error TS2307: Cannot find module 'class-validator' or its corresponding type declarations.
src/workspaces/dto/update-workspace.dto.ts(1,57): error TS2307: Cannot find module 'class-validator' or its corresponding type declarations.
src/workspaces/workspaces.controller.spec.ts(1,37): error TS2307: Cannot find module '@nestjs/testing' or its corresponding type declarations.
src/workspaces/workspaces.controller.spec.ts(5,1): error TS2582: Cannot find name 'describe'. Do you need to install type definitions for a test runner? Try `npm i --save-dev @types/jest` or `npm i --save-dev @types/mocha`.
src/workspaces/workspaces.controller.spec.ts(7,26): error TS2503: Cannot find namespace 'jest'.
src/workspaces/workspaces.controller.spec.ts(11,3): error TS2304: Cannot find name 'beforeEach'.
src/workspaces/workspaces.controller.spec.ts(13,15): error TS2304: Cannot find name 'jest'.
src/workspaces/workspaces.controller.spec.ts(14,16): error TS2304: Cannot find name 'jest'.
src/workspaces/workspaces.controller.spec.ts(15,17): error TS2304: Cannot find name 'jest'.
src/workspaces/workspaces.controller.spec.ts(16,15): error TS2304: Cannot find name 'jest'.
src/workspaces/workspaces.controller.spec.ts(17,15): error TS2304: Cannot find name 'jest'.
src/workspaces/workspaces.controller.spec.ts(18,19): error TS2304: Cannot find name 'jest'.
src/workspaces/workspaces.controller.spec.ts(19,18): error TS2304: Cannot find name 'jest'.
src/workspaces/workspaces.controller.spec.ts(20,21): error TS2304: Cannot find name 'jest'.
src/workspaces/workspaces.controller.spec.ts(21,21): error TS2304: Cannot find name 'jest'.
src/workspaces/workspaces.controller.spec.ts(22,20): error TS2304: Cannot find name 'jest'.
src/workspaces/workspaces.controller.spec.ts(23,23): error TS2304: Cannot find name 'jest'.
src/workspaces/workspaces.controller.spec.ts(36,10): error TS2503: Cannot find namespace 'jest'.
src/workspaces/workspaces.controller.spec.ts(39,3): error TS2582: Cannot find name 'it'. Do you need to install type definitions for a test runner? Try `npm i --save-dev @types/jest` or `npm i --save-dev @types/mocha`.
src/workspaces/workspaces.controller.spec.ts(40,5): error TS2304: Cannot find name 'expect'.
src/workspaces/workspaces.controller.spec.ts(43,3): error TS2582: Cannot find name 'describe'. Do you need to install type definitions for a test runner? Try `npm i --save-dev @types/jest` or `npm i --save-dev @types/mocha`.
src/workspaces/workspaces.controller.spec.ts(44,5): error TS2582: Cannot find name 'it'. Do you need to install type definitions for a test runner? Try `npm i --save-dev @types/jest` or `npm i --save-dev @types/mocha`.
src/workspaces/workspaces.controller.spec.ts(56,46): error TS2345: Argument of type '{ name: string; description: string; }' is not assignable to parameter of type 'CreateWorkspaceDto'.
  Type '{ name: string; description: string; }' is missing the following properties from type 'CreateWorkspaceDto': slug, type
src/workspaces/workspaces.controller.spec.ts(58,7): error TS2304: Cannot find name 'expect'.
src/workspaces/workspaces.controller.spec.ts(62,7): error TS2304: Cannot find name 'expect'.
src/workspaces/workspaces.controller.spec.ts(66,3): error TS2582: Cannot find name 'describe'. Do you need to install type definitions for a test runner? Try `npm i --save-dev @types/jest` or `npm i --save-dev @types/mocha`.
src/workspaces/workspaces.controller.spec.ts(67,5): error TS2582: Cannot find name 'it'. Do you need to install type definitions for a test runner? Try `npm i --save-dev @types/jest` or `npm i --save-dev @types/mocha`.
src/workspaces/workspaces.controller.spec.ts(74,47): error TS2345: Argument of type '{ id: string; email: string; name: string; }' is not assignable to parameter of type 'RequestUser'.
  Property 'username' is missing in type '{ id: string; email: string; name: string; }' but required in type 'RequestUser'.
src/workspaces/workspaces.controller.spec.ts(76,7): error TS2304: Cannot find name 'expect'.
src/workspaces/workspaces.controller.spec.ts(77,7): error TS2304: Cannot find name 'expect'.
src/workspaces/workspaces.controller.spec.ts(81,3): error TS2582: Cannot find name 'describe'. Do you need to install type definitions for a test runner? Try `npm i --save-dev @types/jest` or `npm i --save-dev @types/mocha`.
src/workspaces/workspaces.controller.spec.ts(82,5): error TS2582: Cannot find name 'it'. Do you need to install type definitions for a test runner? Try `npm i --save-dev @types/jest` or `npm i --save-dev @types/mocha`.
src/workspaces/workspaces.controller.spec.ts(86,57): error TS2554: Expected 1 arguments, but got 2.
src/workspaces/workspaces.controller.spec.ts(88,7): error TS2304: Cannot find name 'expect'.
src/workspaces/workspaces.controller.spec.ts(92,7): error TS2304: Cannot find name 'expect'.
src/workspaces/workspaces.controller.spec.ts(96,3): error TS2582: Cannot find name 'describe'. Do you need to install type definitions for a test runner? Try `npm i --save-dev @types/jest` or `npm i --save-dev @types/mocha`.
src/workspaces/workspaces.controller.spec.ts(97,5): error TS2582: Cannot find name 'it'. Do you need to install type definitions for a test runner? Try `npm i --save-dev @types/jest` or `npm i --save-dev @types/mocha`.
src/workspaces/workspaces.controller.spec.ts(102,67): error TS2554: Expected 2 arguments, but got 3.
src/workspaces/workspaces.controller.spec.ts(104,7): error TS2304: Cannot find name 'expect'.
src/workspaces/workspaces.controller.spec.ts(109,7): error TS2304: Cannot find name 'expect'.
src/workspaces/workspaces.controller.spec.ts(113,3): error TS2582: Cannot find name 'describe'. Do you need to install type definitions for a test runner? Try `npm i --save-dev @types/jest` or `npm i --save-dev @types/mocha`.
src/workspaces/workspaces.controller.spec.ts(114,5): error TS2582: Cannot find name 'it'. Do you need to install type definitions for a test runner? Try `npm i --save-dev @types/jest` or `npm i --save-dev @types/mocha`.
src/workspaces/workspaces.controller.spec.ts(117,41): error TS2345: Argument of type '{ id: string; email: string; name: string; }' is not assignable to parameter of type 'RequestUser'.
  Property 'username' is missing in type '{ id: string; email: string; name: string; }' but required in type 'RequestUser'.
src/workspaces/workspaces.controller.spec.ts(119,7): error TS2304: Cannot find name 'expect'.
src/workspaces/workspaces.controller.spec.ts(126,3): error TS2582: Cannot find name 'describe'. Do you need to install type definitions for a test runner? Try `npm i --save-dev @types/jest` or `npm i --save-dev @types/mocha`.
src/workspaces/workspaces.controller.spec.ts(127,5): error TS2582: Cannot find name 'it'. Do you need to install type definitions for a test runner? Try `npm i --save-dev @types/jest` or `npm i --save-dev @types/mocha`.
src/workspaces/workspaces.controller.spec.ts(134,60): error TS2554: Expected 1 arguments, but got 2.
src/workspaces/workspaces.controller.spec.ts(136,7): error TS2304: Cannot find name 'expect'.
src/workspaces/workspaces.controller.spec.ts(140,7): error TS2304: Cannot find name 'expect'.
src/workspaces/workspaces.controller.spec.ts(144,3): error TS2582: Cannot find name 'describe'. Do you need to install type definitions for a test runner? Try `npm i --save-dev @types/jest` or `npm i --save-dev @types/mocha`.
src/workspaces/workspaces.controller.spec.ts(145,5): error TS2582: Cannot find name 'it'. Do you need to install type definitions for a test runner? Try `npm i --save-dev @types/jest` or `npm i --save-dev @types/mocha`.
src/workspaces/workspaces.controller.spec.ts(153,9): error TS2554: Expected 2 arguments, but got 3.
src/workspaces/workspaces.controller.spec.ts(156,7): error TS2304: Cannot find name 'expect'.
src/workspaces/workspaces.controller.spec.ts(161,7): error TS2304: Cannot find name 'expect'.
src/workspaces/workspaces.controller.spec.ts(165,3): error TS2582: Cannot find name 'describe'. Do you need to install type definitions for a test runner? Try `npm i --save-dev @types/jest` or `npm i --save-dev @types/mocha`.
src/workspaces/workspaces.controller.spec.ts(166,5): error TS2582: Cannot find name 'it'. Do you need to install type definitions for a test runner? Try `npm i --save-dev @types/jest` or `npm i --save-dev @types/mocha`.
src/workspaces/workspaces.controller.spec.ts(171,39): error TS2339: Property 'updateMember' does not exist on type 'WorkspacesController'.
src/workspaces/workspaces.controller.spec.ts(178,7): error TS2304: Cannot find name 'expect'.
src/workspaces/workspaces.controller.spec.ts(184,7): error TS2304: Cannot find name 'expect'.
src/workspaces/workspaces.controller.spec.ts(188,3): error TS2582: Cannot find name 'describe'. Do you need to install type definitions for a test runner? Try `npm i --save-dev @types/jest` or `npm i --save-dev @types/mocha`.
src/workspaces/workspaces.controller.spec.ts(189,5): error TS2582: Cannot find name 'it'. Do you need to install type definitions for a test runner? Try `npm i --save-dev @types/jest` or `npm i --save-dev @types/mocha`.
src/workspaces/workspaces.controller.spec.ts(192,59): error TS2554: Expected 2 arguments, but got 3.
src/workspaces/workspaces.controller.spec.ts(194,7): error TS2304: Cannot find name 'expect'.
src/workspaces/workspaces.controller.ts(14,87): error TS2307: Cannot find module '@nestjs/swagger' or its corresponding type declarations.
src/workspaces/workspaces.controller.ts(15,28): error TS2307: Cannot find module '@prisma/client' or its corresponding type declarations.
src/workspaces/workspaces.module.ts(6,35): error TS2307: Cannot find module '../common/services/bcrypt-hash.service' or its corresponding type declarations.
src/workspaces/workspaces.service.ts(14,8): error TS2307: Cannot find module '@ordo-todo/core' or its corresponding type declarations.
src/workspaces/workspaces.service.ts(28,8): error TS2307: Cannot find module '@ordo-todo/core' or its corresponding type declarations.
src/workspaces/workspaces.service.ts(29,52): error TS2307: Cannot find module '@ordo-todo/core' or its corresponding type declarations.
src/workspaces/workspaces.service.ts(443,45): error TS2339: Property 'props' does not exist on type 'never'.
test/app.e2e-spec.ts(1,37): error TS2307: Cannot find module '@nestjs/testing' or its corresponding type declarations.
test/app.e2e-spec.ts(3,21): error TS2307: Cannot find module 'supertest' or its corresponding type declarations.
test/app.e2e-spec.ts(4,21): error TS2307: Cannot find module 'supertest/types' or its corresponding type declarations.
test/app.e2e-spec.ts(7,1): error TS2582: Cannot find name 'describe'. Do you need to install type definitions for a test runner? Try `npm i --save-dev @types/jest` or `npm i --save-dev @types/mocha`.
test/app.e2e-spec.ts(10,3): error TS2304: Cannot find name 'beforeEach'.
test/app.e2e-spec.ts(19,3): error TS2582: Cannot find name 'it'. Do you need to install type definitions for a test runner? Try `npm i --save-dev @types/jest` or `npm i --save-dev @types/mocha`.
test/collaboration.e2e-spec.ts(1,37): error TS2307: Cannot find module '@nestjs/testing' or its corresponding type declarations.
test/collaboration.e2e-spec.ts(3,21): error TS2307: Cannot find module 'supertest' or its corresponding type declarations.
test/collaboration.e2e-spec.ts(7,1): error TS2582: Cannot find name 'describe'. Do you need to install type definitions for a test runner? Try `npm i --save-dev @types/jest` or `npm i --save-dev @types/mocha`.
test/collaboration.e2e-spec.ts(23,3): error TS2304: Cannot find name 'beforeAll'.
test/collaboration.e2e-spec.ts(97,3): error TS2304: Cannot find name 'afterAll'.
test/collaboration.e2e-spec.ts(112,3): error TS2582: Cannot find name 'describe'. Do you need to install type definitions for a test runner? Try `npm i --save-dev @types/jest` or `npm i --save-dev @types/mocha`.
test/collaboration.e2e-spec.ts(115,5): error TS2582: Cannot find name 'it'. Do you need to install type definitions for a test runner? Try `npm i --save-dev @types/jest` or `npm i --save-dev @types/mocha`.
test/collaboration.e2e-spec.ts(125,7): error TS2304: Cannot find name 'expect'.
test/collaboration.e2e-spec.ts(126,7): error TS2304: Cannot find name 'expect'.
test/collaboration.e2e-spec.ts(130,5): error TS2582: Cannot find name 'it'. Do you need to install type definitions for a test runner? Try `npm i --save-dev @types/jest` or `npm i --save-dev @types/mocha`.
test/collaboration.e2e-spec.ts(138,7): error TS2304: Cannot find name 'expect'.
test/collaboration.e2e-spec.ts(145,7): error TS2304: Cannot find name 'expect'.
test/collaboration.e2e-spec.ts(146,7): error TS2304: Cannot find name 'expect'.
test/collaboration.e2e-spec.ts(149,5): error TS2582: Cannot find name 'it'. Do you need to install type definitions for a test runner? Try `npm i --save-dev @types/jest` or `npm i --save-dev @types/mocha`.
test/collaboration.e2e-spec.ts(160,5): error TS2582: Cannot find name 'it'. Do you need to install type definitions for a test runner? Try `npm i --save-dev @types/jest` or `npm i --save-dev @types/mocha`.
test/collaboration.e2e-spec.ts(173,7): error TS2304: Cannot find name 'expect'.
test/collaboration.e2e-spec.ts(176,5): error TS2582: Cannot find name 'it'. Do you need to install type definitions for a test runner? Try `npm i --save-dev @types/jest` or `npm i --save-dev @types/mocha`.
test/collaboration.e2e-spec.ts(195,3): error TS2582: Cannot find name 'describe'. Do you need to install type definitions for a test runner? Try `npm i --save-dev @types/jest` or `npm i --save-dev @types/mocha`.
test/collaboration.e2e-spec.ts(196,5): error TS2582: Cannot find name 'it'. Do you need to install type definitions for a test runner? Try `npm i --save-dev @types/jest` or `npm i --save-dev @types/mocha`.
test/collaboration.e2e-spec.ts(207,7): error TS2304: Cannot find name 'expect'.
test/tasks.e2e-spec.ts(1,37): error TS2307: Cannot find module '@nestjs/testing' or its corresponding type declarations.
test/tasks.e2e-spec.ts(3,21): error TS2307: Cannot find module 'supertest' or its corresponding type declarations.
test/tasks.e2e-spec.ts(7,1): error TS2582: Cannot find name 'describe'. Do you need to install type definitions for a test runner? Try `npm i --save-dev @types/jest` or `npm i --save-dev @types/mocha`.
test/tasks.e2e-spec.ts(15,3): error TS2304: Cannot find name 'beforeAll'.
test/tasks.e2e-spec.ts(61,3): error TS2304: Cannot find name 'afterAll'.
test/tasks.e2e-spec.ts(79,3): error TS2582: Cannot find name 'describe'. Do you need to install type definitions for a test runner? Try `npm i --save-dev @types/jest` or `npm i --save-dev @types/mocha`.
test/tasks.e2e-spec.ts(80,5): error TS2582: Cannot find name 'it'. Do you need to install type definitions for a test runner? Try `npm i --save-dev @types/jest` or `npm i --save-dev @types/mocha`.
test/tasks.e2e-spec.ts(93,11): error TS2304: Cannot find name 'expect'.
test/tasks.e2e-spec.ts(94,11): error TS2304: Cannot find name 'expect'.
test/tasks.e2e-spec.ts(95,11): error TS2304: Cannot find name 'expect'.
test/tasks.e2e-spec.ts(99,5): error TS2582: Cannot find name 'it'. Do you need to install type definitions for a test runner? Try `npm i --save-dev @types/jest` or `npm i --save-dev @types/mocha`.
test/tasks.e2e-spec.ts(109,5): error TS2582: Cannot find name 'it'. Do you need to install type definitions for a test runner? Try `npm i --save-dev @types/jest` or `npm i --save-dev @types/mocha`.
test/tasks.e2e-spec.ts(121,3): error TS2582: Cannot find name 'describe'. Do you need to install type definitions for a test runner? Try `npm i --save-dev @types/jest` or `npm i --save-dev @types/mocha`.
test/tasks.e2e-spec.ts(124,5): error TS2304: Cannot find name 'beforeAll'.
test/tasks.e2e-spec.ts(135,5): error TS2582: Cannot find name 'it'. Do you need to install type definitions for a test runner? Try `npm i --save-dev @types/jest` or `npm i --save-dev @types/mocha`.
test/tasks.e2e-spec.ts(141,11): error TS2304: Cannot find name 'expect'.
test/tasks.e2e-spec.ts(142,11): error TS2304: Cannot find name 'expect'.
test/tasks.e2e-spec.ts(146,5): error TS2582: Cannot find name 'it'. Do you need to install type definitions for a test runner? Try `npm i --save-dev @types/jest` or `npm i --save-dev @types/mocha`.
test/tasks.e2e-spec.ts(152,11): error TS2304: Cannot find name 'expect'.
test/tasks.e2e-spec.ts(154,13): error TS2304: Cannot find name 'expect'.
test/tasks.e2e-spec.ts(160,3): error TS2582: Cannot find name 'describe'. Do you need to install type definitions for a test runner? Try `npm i --save-dev @types/jest` or `npm i --save-dev @types/mocha`.
test/tasks.e2e-spec.ts(163,5): error TS2304: Cannot find name 'beforeAll'.
test/tasks.e2e-spec.ts(174,5): error TS2582: Cannot find name 'it'. Do you need to install type definitions for a test runner? Try `npm i --save-dev @types/jest` or `npm i --save-dev @types/mocha`.
test/tasks.e2e-spec.ts(180,11): error TS2304: Cannot find name 'expect'.
test/tasks.e2e-spec.ts(181,11): error TS2304: Cannot find name 'expect'.
test/tasks.e2e-spec.ts(185,5): error TS2582: Cannot find name 'it'. Do you need to install type definitions for a test runner? Try `npm i --save-dev @types/jest` or `npm i --save-dev @types/mocha`.
test/tasks.e2e-spec.ts(193,3): error TS2582: Cannot find name 'describe'. Do you need to install type definitions for a test runner? Try `npm i --save-dev @types/jest` or `npm i --save-dev @types/mocha`.
test/tasks.e2e-spec.ts(196,5): error TS2304: Cannot find name 'beforeAll'.
test/tasks.e2e-spec.ts(207,5): error TS2582: Cannot find name 'it'. Do you need to install type definitions for a test runner? Try `npm i --save-dev @types/jest` or `npm i --save-dev @types/mocha`.
test/tasks.e2e-spec.ts(217,11): error TS2304: Cannot find name 'expect'.
test/tasks.e2e-spec.ts(218,11): error TS2304: Cannot find name 'expect'.
test/tasks.e2e-spec.ts(223,3): error TS2582: Cannot find name 'describe'. Do you need to install type definitions for a test runner? Try `npm i --save-dev @types/jest` or `npm i --save-dev @types/mocha`.
test/tasks.e2e-spec.ts(226,5): error TS2304: Cannot find name 'beforeAll'.
test/tasks.e2e-spec.ts(237,5): error TS2582: Cannot find name 'it'. Do you need to install type definitions for a test runner? Try `npm i --save-dev @types/jest` or `npm i --save-dev @types/mocha`.
test/tasks.e2e-spec.ts(243,11): error TS2304: Cannot find name 'expect'.
test/tasks.e2e-spec.ts(248,3): error TS2582: Cannot find name 'describe'. Do you need to install type definitions for a test runner? Try `npm i --save-dev @types/jest` or `npm i --save-dev @types/mocha`.
test/tasks.e2e-spec.ts(251,5): error TS2304: Cannot find name 'beforeAll'.
test/tasks.e2e-spec.ts(262,5): error TS2582: Cannot find name 'it'. Do you need to install type definitions for a test runner? Try `npm i --save-dev @types/jest` or `npm i --save-dev @types/mocha`.
